{"C:\\fazztrack\\tugas fazztrack\\week_18\\API\\app.js":{"path":"C:\\fazztrack\\tugas fazztrack\\week_18\\API\\app.js","statementMap":{"0":{"start":{"line":1,"column":19},"end":{"line":1,"column":41}},"1":{"start":{"line":2,"column":16},"end":{"line":2,"column":34}},"2":{"start":{"line":3,"column":13},"end":{"line":3,"column":28}},"3":{"start":{"line":5,"column":20},"end":{"line":5,"column":50}},"4":{"start":{"line":6,"column":23},"end":{"line":6,"column":56}},"5":{"start":{"line":7,"column":22},"end":{"line":7,"column":54}},"6":{"start":{"line":8,"column":26},"end":{"line":8,"column":62}},"7":{"start":{"line":10,"column":12},"end":{"line":10,"column":21}},"8":{"start":{"line":11,"column":0},"end":{"line":11,"column":16}},"9":{"start":{"line":12,"column":0},"end":{"line":12,"column":27}},"10":{"start":{"line":13,"column":0},"end":{"line":13,"column":21}},"11":{"start":{"line":14,"column":0},"end":{"line":14,"column":24}},"12":{"start":{"line":15,"column":0},"end":{"line":15,"column":27}},"13":{"start":{"line":16,"column":0},"end":{"line":16,"column":23}},"14":{"start":{"line":17,"column":0},"end":{"line":17,"column":48}},"15":{"start":{"line":19,"column":0},"end":{"line":21,"column":3}},"16":{"start":{"line":20,"column":2},"end":{"line":20,"column":46}},"17":{"start":{"line":23,"column":0},"end":{"line":23,"column":21}}},"fnMap":{"0":{"name":"(anonymous_0)","decl":{"start":{"line":19,"column":17},"end":{"line":19,"column":18}},"loc":{"start":{"line":19,"column":23},"end":{"line":21,"column":1}},"line":19}},"branchMap":{},"s":{"0":1,"1":1,"2":1,"3":1,"4":1,"5":1,"6":1,"7":1,"8":1,"9":1,"10":1,"11":1,"12":1,"13":1,"14":1,"15":1,"16":1,"17":1},"f":{"0":1},"b":{},"_coverageSchema":"1a1c01bbd47fc00a2c39e90264f33305004495a9","hash":"f578992d8df23ab773b24e6a2d65211d61627b59","contentHash":"416eaebc5c690b425de0d4f87001fc8aa5d44b37bf32d32fa9e172d5b06d2926"},"C:\\fazztrack\\tugas fazztrack\\week_18\\API\\src\\routers\\Users.js":{"path":"C:\\fazztrack\\tugas fazztrack\\week_18\\API\\src\\routers\\Users.js","statementMap":{"0":{"start":{"line":1,"column":16},"end":{"line":1,"column":34}},"1":{"start":{"line":2,"column":24},"end":{"line":2,"column":55}},"2":{"start":{"line":3,"column":15},"end":{"line":3,"column":54}},"3":{"start":{"line":4,"column":15},"end":{"line":4,"column":53}},"4":{"start":{"line":5,"column":15},"end":{"line":5,"column":46}},"5":{"start":{"line":7,"column":20},"end":{"line":7,"column":36}},"6":{"start":{"line":8,"column":0},"end":{"line":15,"column":56}},"7":{"start":{"line":17,"column":0},"end":{"line":17,"column":29}}},"fnMap":{},"branchMap":{},"s":{"0":1,"1":1,"2":1,"3":1,"4":1,"5":1,"6":1,"7":1},"f":{},"b":{},"_coverageSchema":"1a1c01bbd47fc00a2c39e90264f33305004495a9","hash":"0a3265fb2b2ad95a87114f4491e0d22810fc903c","contentHash":"fdeb4bdfd9e84b1faf0e0dbe8c51b4dbdb00b94beaa53d95f9707c5c658e3670"},"C:\\fazztrack\\tugas fazztrack\\week_18\\API\\src\\controllers\\Users.js":{"path":"C:\\fazztrack\\tugas fazztrack\\week_18\\API\\src\\controllers\\Users.js","statementMap":{"0":{"start":{"line":1,"column":15},"end":{"line":1,"column":32}},"1":{"start":{"line":2,"column":10},"end":{"line":2,"column":27}},"2":{"start":{"line":3,"column":12},"end":{"line":3,"column":35}},"3":{"start":{"line":4,"column":19},"end":{"line":4,"column":45}},"4":{"start":{"line":5,"column":28},"end":{"line":5,"column":56}},"5":{"start":{"line":6,"column":23},"end":{"line":6,"column":48}},"6":{"start":{"line":7,"column":20},"end":{"line":7,"column":47}},"7":{"start":{"line":9,"column":14},"end":{"line":224,"column":1}},"8":{"start":{"line":11,"column":4},"end":{"line":51,"column":5}},"9":{"start":{"line":12,"column":23},"end":{"line":12,"column":26}},"10":{"start":{"line":13,"column":6},"end":{"line":48,"column":9}},"11":{"start":{"line":14,"column":8},"end":{"line":45,"column":9}},"12":{"start":{"line":15,"column":10},"end":{"line":15,"column":49}},"13":{"start":{"line":16,"column":10},"end":{"line":16,"column":29}},"14":{"start":{"line":17,"column":10},"end":{"line":17,"column":30}},"15":{"start":{"line":19,"column":10},"end":{"line":44,"column":13}},"16":{"start":{"line":20,"column":12},"end":{"line":43,"column":13}},"17":{"start":{"line":21,"column":14},"end":{"line":21,"column":50}},"18":{"start":{"line":23,"column":14},"end":{"line":42,"column":17}},"19":{"start":{"line":25,"column":16},"end":{"line":41,"column":17}},"20":{"start":{"line":26,"column":18},"end":{"line":26,"column":40}},"21":{"start":{"line":28,"column":18},"end":{"line":40,"column":21}},"22":{"start":{"line":29,"column":33},"end":{"line":29,"column":40}},"23":{"start":{"line":30,"column":36},"end":{"line":32,"column":21}},"24":{"start":{"line":33,"column":35},"end":{"line":36,"column":21}},"25":{"start":{"line":37,"column":20},"end":{"line":37,"column":51}},"26":{"start":{"line":39,"column":20},"end":{"line":39,"column":43}},"27":{"start":{"line":47,"column":8},"end":{"line":47,"column":30}},"28":{"start":{"line":50,"column":6},"end":{"line":50,"column":30}},"29":{"start":{"line":54,"column":4},"end":{"line":85,"column":5}},"30":{"start":{"line":55,"column":23},"end":{"line":55,"column":26}},"31":{"start":{"line":56,"column":6},"end":{"line":82,"column":9}},"32":{"start":{"line":57,"column":8},"end":{"line":79,"column":9}},"33":{"start":{"line":58,"column":10},"end":{"line":58,"column":45}},"34":{"start":{"line":59,"column":10},"end":{"line":59,"column":31}},"35":{"start":{"line":61,"column":31},"end":{"line":61,"column":49}},"36":{"start":{"line":62,"column":10},"end":{"line":78,"column":13}},"37":{"start":{"line":63,"column":12},"end":{"line":77,"column":13}},"38":{"start":{"line":64,"column":14},"end":{"line":64,"column":30}},"39":{"start":{"line":65,"column":19},"end":{"line":77,"column":13}},"40":{"start":{"line":66,"column":27},"end":{"line":66,"column":36}},"41":{"start":{"line":67,"column":30},"end":{"line":69,"column":15}},"42":{"start":{"line":70,"column":29},"end":{"line":73,"column":15}},"43":{"start":{"line":74,"column":14},"end":{"line":74,"column":45}},"44":{"start":{"line":76,"column":14},"end":{"line":76,"column":49}},"45":{"start":{"line":81,"column":8},"end":{"line":81,"column":30}},"46":{"start":{"line":84,"column":6},"end":{"line":84,"column":30}},"47":{"start":{"line":89,"column":4},"end":{"line":138,"column":5}},"48":{"start":{"line":90,"column":24},"end":{"line":90,"column":27}},"49":{"start":{"line":91,"column":21},"end":{"line":91,"column":67}},"50":{"start":{"line":92,"column":20},"end":{"line":92,"column":66}},"51":{"start":{"line":93,"column":23},"end":{"line":93,"column":65}},"52":{"start":{"line":95,"column":20},"end":{"line":95,"column":74}},"53":{"start":{"line":96,"column":19},"end":{"line":96,"column":60}},"54":{"start":{"line":98,"column":21},"end":{"line":98,"column":56}},"55":{"start":{"line":99,"column":6},"end":{"line":135,"column":9}},"56":{"start":{"line":100,"column":8},"end":{"line":134,"column":9}},"57":{"start":{"line":101,"column":10},"end":{"line":101,"column":32}},"58":{"start":{"line":102,"column":15},"end":{"line":134,"column":9}},"59":{"start":{"line":103,"column":10},"end":{"line":124,"column":13}},"60":{"start":{"line":105,"column":28},"end":{"line":105,"column":53}},"61":{"start":{"line":106,"column":27},"end":{"line":113,"column":13}},"62":{"start":{"line":114,"column":12},"end":{"line":120,"column":15}},"63":{"start":{"line":115,"column":14},"end":{"line":119,"column":15}},"64":{"start":{"line":116,"column":16},"end":{"line":116,"column":40}},"65":{"start":{"line":118,"column":16},"end":{"line":118,"column":55}},"66":{"start":{"line":121,"column":12},"end":{"line":121,"column":43}},"67":{"start":{"line":123,"column":12},"end":{"line":123,"column":36}},"68":{"start":{"line":126,"column":27},"end":{"line":126,"column":45}},"69":{"start":{"line":127,"column":31},"end":{"line":127,"column":85}},"70":{"start":{"line":127,"column":57},"end":{"line":127,"column":84}},"71":{"start":{"line":128,"column":27},"end":{"line":128,"column":72}},"72":{"start":{"line":129,"column":25},"end":{"line":132,"column":11}},"73":{"start":{"line":133,"column":10},"end":{"line":133,"column":41}},"74":{"start":{"line":137,"column":6},"end":{"line":137,"column":30}},"75":{"start":{"line":141,"column":4},"end":{"line":150,"column":5}},"76":{"start":{"line":142,"column":21},"end":{"line":142,"column":31}},"77":{"start":{"line":143,"column":6},"end":{"line":147,"column":9}},"78":{"start":{"line":144,"column":8},"end":{"line":144,"column":39}},"79":{"start":{"line":146,"column":8},"end":{"line":146,"column":30}},"80":{"start":{"line":149,"column":6},"end":{"line":149,"column":30}},"81":{"start":{"line":153,"column":4},"end":{"line":175,"column":5}},"82":{"start":{"line":154,"column":23},"end":{"line":154,"column":26}},"83":{"start":{"line":155,"column":27},"end":{"line":155,"column":35}},"84":{"start":{"line":156,"column":6},"end":{"line":172,"column":9}},"85":{"start":{"line":158,"column":8},"end":{"line":171,"column":9}},"86":{"start":{"line":159,"column":10},"end":{"line":159,"column":32}},"87":{"start":{"line":161,"column":10},"end":{"line":170,"column":13}},"88":{"start":{"line":162,"column":12},"end":{"line":166,"column":15}},"89":{"start":{"line":163,"column":14},"end":{"line":165,"column":15}},"90":{"start":{"line":164,"column":16},"end":{"line":164,"column":40}},"91":{"start":{"line":167,"column":12},"end":{"line":167,"column":33}},"92":{"start":{"line":169,"column":12},"end":{"line":169,"column":35}},"93":{"start":{"line":174,"column":6},"end":{"line":174,"column":30}},"94":{"start":{"line":178,"column":4},"end":{"line":203,"column":5}},"95":{"start":{"line":179,"column":21},"end":{"line":179,"column":31}},"96":{"start":{"line":180,"column":23},"end":{"line":180,"column":26}},"97":{"start":{"line":181,"column":27},"end":{"line":181,"column":35}},"98":{"start":{"line":182,"column":6},"end":{"line":200,"column":9}},"99":{"start":{"line":184,"column":8},"end":{"line":199,"column":9}},"100":{"start":{"line":185,"column":10},"end":{"line":185,"column":33}},"101":{"start":{"line":187,"column":10},"end":{"line":198,"column":13}},"102":{"start":{"line":188,"column":12},"end":{"line":197,"column":15}},"103":{"start":{"line":189,"column":14},"end":{"line":193,"column":17}},"104":{"start":{"line":190,"column":16},"end":{"line":192,"column":17}},"105":{"start":{"line":191,"column":18},"end":{"line":191,"column":40}},"106":{"start":{"line":194,"column":14},"end":{"line":194,"column":45}},"107":{"start":{"line":196,"column":14},"end":{"line":196,"column":36}},"108":{"start":{"line":202,"column":6},"end":{"line":202,"column":30}},"109":{"start":{"line":206,"column":4},"end":{"line":222,"column":5}},"110":{"start":{"line":207,"column":21},"end":{"line":207,"column":31}},"111":{"start":{"line":208,"column":6},"end":{"line":219,"column":9}},"112":{"start":{"line":209,"column":8},"end":{"line":218,"column":11}},"113":{"start":{"line":210,"column":10},"end":{"line":214,"column":13}},"114":{"start":{"line":211,"column":12},"end":{"line":213,"column":13}},"115":{"start":{"line":212,"column":14},"end":{"line":212,"column":38}},"116":{"start":{"line":215,"column":10},"end":{"line":215,"column":41}},"117":{"start":{"line":217,"column":10},"end":{"line":217,"column":32}},"118":{"start":{"line":221,"column":6},"end":{"line":221,"column":30}},"119":{"start":{"line":226,"column":0},"end":{"line":226,"column":23}}},"fnMap":{"0":{"name":"(anonymous_0)","decl":{"start":{"line":10,"column":12},"end":{"line":10,"column":13}},"loc":{"start":{"line":10,"column":26},"end":{"line":52,"column":3}},"line":10},"1":{"name":"(anonymous_1)","decl":{"start":{"line":13,"column":45},"end":{"line":13,"column":46}},"loc":{"start":{"line":13,"column":57},"end":{"line":46,"column":7}},"line":13},"2":{"name":"(anonymous_2)","decl":{"start":{"line":19,"column":41},"end":{"line":19,"column":42}},"loc":{"start":{"line":19,"column":58},"end":{"line":44,"column":11}},"line":19},"3":{"name":"(anonymous_3)","decl":{"start":{"line":23,"column":45},"end":{"line":23,"column":46}},"loc":{"start":{"line":23,"column":60},"end":{"line":42,"column":15}},"line":23},"4":{"name":"(anonymous_4)","decl":{"start":{"line":28,"column":55},"end":{"line":28,"column":56}},"loc":{"start":{"line":28,"column":68},"end":{"line":38,"column":19}},"line":28},"5":{"name":"(anonymous_5)","decl":{"start":{"line":38,"column":27},"end":{"line":38,"column":28}},"loc":{"start":{"line":38,"column":37},"end":{"line":40,"column":19}},"line":38},"6":{"name":"(anonymous_6)","decl":{"start":{"line":46,"column":15},"end":{"line":46,"column":16}},"loc":{"start":{"line":46,"column":24},"end":{"line":48,"column":7}},"line":46},"7":{"name":"(anonymous_7)","decl":{"start":{"line":53,"column":9},"end":{"line":53,"column":10}},"loc":{"start":{"line":53,"column":23},"end":{"line":86,"column":3}},"line":53},"8":{"name":"(anonymous_8)","decl":{"start":{"line":56,"column":40},"end":{"line":56,"column":41}},"loc":{"start":{"line":56,"column":52},"end":{"line":80,"column":7}},"line":56},"9":{"name":"(anonymous_9)","decl":{"start":{"line":62,"column":54},"end":{"line":62,"column":55}},"loc":{"start":{"line":62,"column":80},"end":{"line":78,"column":11}},"line":62},"10":{"name":"(anonymous_10)","decl":{"start":{"line":80,"column":15},"end":{"line":80,"column":16}},"loc":{"start":{"line":80,"column":24},"end":{"line":82,"column":7}},"line":80},"11":{"name":"(anonymous_11)","decl":{"start":{"line":88,"column":11},"end":{"line":88,"column":12}},"loc":{"start":{"line":88,"column":25},"end":{"line":139,"column":3}},"line":88},"12":{"name":"(anonymous_12)","decl":{"start":{"line":99,"column":31},"end":{"line":99,"column":32}},"loc":{"start":{"line":99,"column":48},"end":{"line":135,"column":7}},"line":99},"13":{"name":"(anonymous_13)","decl":{"start":{"line":103,"column":74},"end":{"line":103,"column":75}},"loc":{"start":{"line":103,"column":93},"end":{"line":122,"column":11}},"line":103},"14":{"name":"(anonymous_14)","decl":{"start":{"line":114,"column":62},"end":{"line":114,"column":63}},"loc":{"start":{"line":114,"column":73},"end":{"line":120,"column":13}},"line":114},"15":{"name":"(anonymous_15)","decl":{"start":{"line":122,"column":19},"end":{"line":122,"column":20}},"loc":{"start":{"line":122,"column":30},"end":{"line":124,"column":11}},"line":122},"16":{"name":"(anonymous_16)","decl":{"start":{"line":127,"column":50},"end":{"line":127,"column":51}},"loc":{"start":{"line":127,"column":57},"end":{"line":127,"column":84}},"line":127},"17":{"name":"(anonymous_17)","decl":{"start":{"line":140,"column":14},"end":{"line":140,"column":15}},"loc":{"start":{"line":140,"column":28},"end":{"line":151,"column":3}},"line":140},"18":{"name":"(anonymous_18)","decl":{"start":{"line":143,"column":37},"end":{"line":143,"column":38}},"loc":{"start":{"line":143,"column":49},"end":{"line":145,"column":7}},"line":143},"19":{"name":"(anonymous_19)","decl":{"start":{"line":145,"column":15},"end":{"line":145,"column":16}},"loc":{"start":{"line":145,"column":24},"end":{"line":147,"column":7}},"line":145},"20":{"name":"(anonymous_20)","decl":{"start":{"line":152,"column":10},"end":{"line":152,"column":11}},"loc":{"start":{"line":152,"column":24},"end":{"line":176,"column":3}},"line":152},"21":{"name":"(anonymous_21)","decl":{"start":{"line":156,"column":37},"end":{"line":156,"column":38}},"loc":{"start":{"line":156,"column":52},"end":{"line":172,"column":7}},"line":156},"22":{"name":"(anonymous_22)","decl":{"start":{"line":161,"column":55},"end":{"line":161,"column":56}},"loc":{"start":{"line":161,"column":67},"end":{"line":168,"column":11}},"line":161},"23":{"name":"(anonymous_23)","decl":{"start":{"line":162,"column":37},"end":{"line":162,"column":38}},"loc":{"start":{"line":162,"column":48},"end":{"line":166,"column":13}},"line":162},"24":{"name":"(anonymous_24)","decl":{"start":{"line":168,"column":19},"end":{"line":168,"column":20}},"loc":{"start":{"line":168,"column":29},"end":{"line":170,"column":11}},"line":168},"25":{"name":"(anonymous_25)","decl":{"start":{"line":177,"column":10},"end":{"line":177,"column":11}},"loc":{"start":{"line":177,"column":24},"end":{"line":204,"column":3}},"line":177},"26":{"name":"(anonymous_26)","decl":{"start":{"line":182,"column":37},"end":{"line":182,"column":38}},"loc":{"start":{"line":182,"column":53},"end":{"line":200,"column":7}},"line":182},"27":{"name":"(anonymous_27)","decl":{"start":{"line":187,"column":41},"end":{"line":187,"column":42}},"loc":{"start":{"line":187,"column":59},"end":{"line":198,"column":11}},"line":187},"28":{"name":"(anonymous_28)","decl":{"start":{"line":188,"column":75},"end":{"line":188,"column":76}},"loc":{"start":{"line":188,"column":87},"end":{"line":195,"column":13}},"line":188},"29":{"name":"(anonymous_29)","decl":{"start":{"line":189,"column":39},"end":{"line":189,"column":40}},"loc":{"start":{"line":189,"column":48},"end":{"line":193,"column":15}},"line":189},"30":{"name":"(anonymous_30)","decl":{"start":{"line":195,"column":21},"end":{"line":195,"column":22}},"loc":{"start":{"line":195,"column":30},"end":{"line":197,"column":13}},"line":195},"31":{"name":"(anonymous_31)","decl":{"start":{"line":205,"column":10},"end":{"line":205,"column":11}},"loc":{"start":{"line":205,"column":24},"end":{"line":223,"column":3}},"line":205},"32":{"name":"(anonymous_32)","decl":{"start":{"line":208,"column":37},"end":{"line":208,"column":38}},"loc":{"start":{"line":208,"column":55},"end":{"line":219,"column":7}},"line":208},"33":{"name":"(anonymous_33)","decl":{"start":{"line":209,"column":49},"end":{"line":209,"column":50}},"loc":{"start":{"line":209,"column":61},"end":{"line":216,"column":9}},"line":209},"34":{"name":"(anonymous_34)","decl":{"start":{"line":210,"column":35},"end":{"line":210,"column":36}},"loc":{"start":{"line":210,"column":46},"end":{"line":214,"column":11}},"line":210},"35":{"name":"(anonymous_35)","decl":{"start":{"line":216,"column":17},"end":{"line":216,"column":18}},"loc":{"start":{"line":216,"column":26},"end":{"line":218,"column":9}},"line":216}},"branchMap":{"0":{"loc":{"start":{"line":14,"column":8},"end":{"line":45,"column":9}},"type":"if","locations":[{"start":{"line":14,"column":8},"end":{"line":45,"column":9}},{"start":{"line":14,"column":8},"end":{"line":45,"column":9}}],"line":14},"1":{"loc":{"start":{"line":20,"column":12},"end":{"line":43,"column":13}},"type":"if","locations":[{"start":{"line":20,"column":12},"end":{"line":43,"column":13}},{"start":{"line":20,"column":12},"end":{"line":43,"column":13}}],"line":20},"2":{"loc":{"start":{"line":25,"column":16},"end":{"line":41,"column":17}},"type":"if","locations":[{"start":{"line":25,"column":16},"end":{"line":41,"column":17}},{"start":{"line":25,"column":16},"end":{"line":41,"column":17}}],"line":25},"3":{"loc":{"start":{"line":57,"column":8},"end":{"line":79,"column":9}},"type":"if","locations":[{"start":{"line":57,"column":8},"end":{"line":79,"column":9}},{"start":{"line":57,"column":8},"end":{"line":79,"column":9}}],"line":57},"4":{"loc":{"start":{"line":63,"column":12},"end":{"line":77,"column":13}},"type":"if","locations":[{"start":{"line":63,"column":12},"end":{"line":77,"column":13}},{"start":{"line":63,"column":12},"end":{"line":77,"column":13}}],"line":63},"5":{"loc":{"start":{"line":65,"column":19},"end":{"line":77,"column":13}},"type":"if","locations":[{"start":{"line":65,"column":19},"end":{"line":77,"column":13}},{"start":{"line":65,"column":19},"end":{"line":77,"column":13}}],"line":65},"6":{"loc":{"start":{"line":91,"column":21},"end":{"line":91,"column":67}},"type":"cond-expr","locations":[{"start":{"line":91,"column":50},"end":{"line":91,"column":52}},{"start":{"line":91,"column":55},"end":{"line":91,"column":67}}],"line":91},"7":{"loc":{"start":{"line":92,"column":20},"end":{"line":92,"column":66}},"type":"cond-expr","locations":[{"start":{"line":92,"column":48},"end":{"line":92,"column":52}},{"start":{"line":92,"column":55},"end":{"line":92,"column":66}}],"line":92},"8":{"loc":{"start":{"line":93,"column":23},"end":{"line":93,"column":65}},"type":"cond-expr","locations":[{"start":{"line":93,"column":50},"end":{"line":93,"column":52}},{"start":{"line":93,"column":55},"end":{"line":93,"column":65}}],"line":93},"9":{"loc":{"start":{"line":95,"column":20},"end":{"line":95,"column":74}},"type":"cond-expr","locations":[{"start":{"line":95,"column":48},"end":{"line":95,"column":50}},{"start":{"line":95,"column":53},"end":{"line":95,"column":74}}],"line":95},"10":{"loc":{"start":{"line":96,"column":19},"end":{"line":96,"column":60}},"type":"cond-expr","locations":[{"start":{"line":96,"column":46},"end":{"line":96,"column":47}},{"start":{"line":96,"column":50},"end":{"line":96,"column":60}}],"line":96},"11":{"loc":{"start":{"line":98,"column":21},"end":{"line":98,"column":56}},"type":"cond-expr","locations":[{"start":{"line":98,"column":34},"end":{"line":98,"column":35}},{"start":{"line":98,"column":38},"end":{"line":98,"column":56}}],"line":98},"12":{"loc":{"start":{"line":100,"column":8},"end":{"line":134,"column":9}},"type":"if","locations":[{"start":{"line":100,"column":8},"end":{"line":134,"column":9}},{"start":{"line":100,"column":8},"end":{"line":134,"column":9}}],"line":100},"13":{"loc":{"start":{"line":102,"column":15},"end":{"line":134,"column":9}},"type":"if","locations":[{"start":{"line":102,"column":15},"end":{"line":134,"column":9}},{"start":{"line":102,"column":15},"end":{"line":134,"column":9}}],"line":102},"14":{"loc":{"start":{"line":115,"column":14},"end":{"line":119,"column":15}},"type":"if","locations":[{"start":{"line":115,"column":14},"end":{"line":119,"column":15}},{"start":{"line":115,"column":14},"end":{"line":119,"column":15}}],"line":115},"15":{"loc":{"start":{"line":158,"column":8},"end":{"line":171,"column":9}},"type":"if","locations":[{"start":{"line":158,"column":8},"end":{"line":171,"column":9}},{"start":{"line":158,"column":8},"end":{"line":171,"column":9}}],"line":158},"16":{"loc":{"start":{"line":163,"column":14},"end":{"line":165,"column":15}},"type":"if","locations":[{"start":{"line":163,"column":14},"end":{"line":165,"column":15}},{"start":{"line":163,"column":14},"end":{"line":165,"column":15}}],"line":163},"17":{"loc":{"start":{"line":184,"column":8},"end":{"line":199,"column":9}},"type":"if","locations":[{"start":{"line":184,"column":8},"end":{"line":199,"column":9}},{"start":{"line":184,"column":8},"end":{"line":199,"column":9}}],"line":184},"18":{"loc":{"start":{"line":190,"column":16},"end":{"line":192,"column":17}},"type":"if","locations":[{"start":{"line":190,"column":16},"end":{"line":192,"column":17}},{"start":{"line":190,"column":16},"end":{"line":192,"column":17}}],"line":190},"19":{"loc":{"start":{"line":211,"column":12},"end":{"line":213,"column":13}},"type":"if","locations":[{"start":{"line":211,"column":12},"end":{"line":213,"column":13}},{"start":{"line":211,"column":12},"end":{"line":213,"column":13}}],"line":211}},"s":{"0":1,"1":1,"2":1,"3":1,"4":1,"5":1,"6":1,"7":1,"8":1,"9":1,"10":1,"11":1,"12":0,"13":0,"14":0,"15":1,"16":1,"17":0,"18":1,"19":1,"20":0,"21":1,"22":1,"23":1,"24":1,"25":1,"26":0,"27":0,"28":0,"29":18,"30":18,"31":18,"32":18,"33":0,"34":0,"35":18,"36":18,"37":18,"38":0,"39":18,"40":18,"41":18,"42":18,"43":18,"44":0,"45":0,"46":0,"47":1,"48":1,"49":1,"50":1,"51":1,"52":1,"53":1,"54":1,"55":1,"56":1,"57":0,"58":1,"59":1,"60":1,"61":1,"62":1,"63":0,"64":0,"65":0,"66":1,"67":0,"68":0,"69":0,"70":0,"71":0,"72":0,"73":0,"74":0,"75":1,"76":1,"77":1,"78":1,"79":0,"80":0,"81":1,"82":1,"83":1,"84":1,"85":1,"86":0,"87":1,"88":1,"89":0,"90":0,"91":1,"92":0,"93":0,"94":1,"95":1,"96":1,"97":1,"98":1,"99":1,"100":0,"101":1,"102":1,"103":1,"104":0,"105":0,"106":1,"107":0,"108":0,"109":1,"110":1,"111":1,"112":1,"113":1,"114":0,"115":0,"116":1,"117":0,"118":0,"119":1},"f":{"0":1,"1":1,"2":1,"3":1,"4":1,"5":0,"6":0,"7":18,"8":18,"9":18,"10":0,"11":1,"12":1,"13":1,"14":0,"15":0,"16":0,"17":1,"18":1,"19":0,"20":1,"21":1,"22":1,"23":0,"24":0,"25":1,"26":1,"27":1,"28":1,"29":0,"30":0,"31":1,"32":1,"33":1,"34":0,"35":0},"b":{"0":[0,1],"1":[0,1],"2":[0,1],"3":[0,18],"4":[0,18],"5":[18,0],"6":[1,0],"7":[1,0],"8":[1,0],"9":[1,0],"10":[1,0],"11":[1,0],"12":[0,1],"13":[1,0],"14":[0,0],"15":[0,1],"16":[0,0],"17":[0,1],"18":[0,0],"19":[0,0]},"_coverageSchema":"1a1c01bbd47fc00a2c39e90264f33305004495a9","hash":"043d908d2f0b8efac18423b62ca170e44d9c15b9","contentHash":"96139b7d57d450afacad9faac0bd85c38061a46383dddc3a0c23ab705b8e71af"},"C:\\fazztrack\\tugas fazztrack\\week_18\\API\\src\\models\\Users.js":{"path":"C:\\fazztrack\\tugas fazztrack\\week_18\\API\\src\\models\\Users.js","statementMap":{"0":{"start":{"line":1,"column":11},"end":{"line":1,"column":24}},"1":{"start":{"line":2,"column":13},"end":{"line":2,"column":28}},"2":{"start":{"line":3,"column":11},"end":{"line":3,"column":34}},"3":{"start":{"line":5,"column":19},"end":{"line":136,"column":1}},"4":{"start":{"line":6,"column":16},"end":{"line":14,"column":4}},"5":{"start":{"line":7,"column":4},"end":{"line":13,"column":7}},"6":{"start":{"line":8,"column":6},"end":{"line":12,"column":7}},"7":{"start":{"line":9,"column":8},"end":{"line":9,"column":20}},"8":{"start":{"line":11,"column":8},"end":{"line":11,"column":24}},"9":{"start":{"line":15,"column":55},"end":{"line":28,"column":4}},"10":{"start":{"line":16,"column":4},"end":{"line":27,"column":6}},"11":{"start":{"line":21,"column":8},"end":{"line":25,"column":9}},"12":{"start":{"line":22,"column":10},"end":{"line":22,"column":22}},"13":{"start":{"line":24,"column":10},"end":{"line":24,"column":26}},"14":{"start":{"line":29,"column":22},"end":{"line":37,"column":4}},"15":{"start":{"line":30,"column":4},"end":{"line":36,"column":7}},"16":{"start":{"line":31,"column":6},"end":{"line":35,"column":7}},"17":{"start":{"line":32,"column":8},"end":{"line":32,"column":20}},"18":{"start":{"line":34,"column":8},"end":{"line":34,"column":24}},"19":{"start":{"line":38,"column":36},"end":{"line":52,"column":4}},"20":{"start":{"line":39,"column":4},"end":{"line":51,"column":7}},"21":{"start":{"line":46,"column":6},"end":{"line":50,"column":7}},"22":{"start":{"line":47,"column":8},"end":{"line":47,"column":20}},"23":{"start":{"line":49,"column":8},"end":{"line":49,"column":24}},"24":{"start":{"line":53,"column":28},"end":{"line":66,"column":4}},"25":{"start":{"line":54,"column":4},"end":{"line":65,"column":6}},"26":{"start":{"line":59,"column":8},"end":{"line":63,"column":9}},"27":{"start":{"line":60,"column":10},"end":{"line":60,"column":22}},"28":{"start":{"line":62,"column":10},"end":{"line":62,"column":26}},"29":{"start":{"line":67,"column":25},"end":{"line":76,"column":4}},"30":{"start":{"line":68,"column":4},"end":{"line":75,"column":9}},"31":{"start":{"line":70,"column":8},"end":{"line":74,"column":9}},"32":{"start":{"line":71,"column":10},"end":{"line":71,"column":22}},"33":{"start":{"line":73,"column":10},"end":{"line":73,"column":26}},"34":{"start":{"line":77,"column":30},"end":{"line":86,"column":4}},"35":{"start":{"line":78,"column":4},"end":{"line":85,"column":9}},"36":{"start":{"line":80,"column":8},"end":{"line":84,"column":9}},"37":{"start":{"line":81,"column":10},"end":{"line":81,"column":22}},"38":{"start":{"line":83,"column":10},"end":{"line":83,"column":26}},"39":{"start":{"line":87,"column":22},"end":{"line":96,"column":4}},"40":{"start":{"line":88,"column":4},"end":{"line":95,"column":9}},"41":{"start":{"line":90,"column":8},"end":{"line":94,"column":9}},"42":{"start":{"line":91,"column":10},"end":{"line":91,"column":22}},"43":{"start":{"line":93,"column":10},"end":{"line":93,"column":26}},"44":{"start":{"line":97,"column":62},"end":{"line":118,"column":4}},"45":{"start":{"line":98,"column":21},"end":{"line":98,"column":55}},"46":{"start":{"line":98,"column":45},"end":{"line":98,"column":54}},"47":{"start":{"line":99,"column":4},"end":{"line":117,"column":6}},"48":{"start":{"line":104,"column":8},"end":{"line":115,"column":9}},"49":{"start":{"line":105,"column":10},"end":{"line":105,"column":22}},"50":{"start":{"line":107,"column":27},"end":{"line":107,"column":76}},"51":{"start":{"line":108,"column":10},"end":{"line":113,"column":13}},"52":{"start":{"line":109,"column":12},"end":{"line":112,"column":13}},"53":{"start":{"line":110,"column":14},"end":{"line":110,"column":33}},"54":{"start":{"line":111,"column":14},"end":{"line":111,"column":28}},"55":{"start":{"line":114,"column":10},"end":{"line":114,"column":26}},"56":{"start":{"line":119,"column":32},"end":{"line":135,"column":4}},"57":{"start":{"line":120,"column":21},"end":{"line":120,"column":55}},"58":{"start":{"line":120,"column":45},"end":{"line":120,"column":54}},"59":{"start":{"line":121,"column":4},"end":{"line":134,"column":7}},"60":{"start":{"line":122,"column":6},"end":{"line":133,"column":7}},"61":{"start":{"line":123,"column":8},"end":{"line":123,"column":20}},"62":{"start":{"line":125,"column":25},"end":{"line":125,"column":74}},"63":{"start":{"line":126,"column":8},"end":{"line":131,"column":11}},"64":{"start":{"line":127,"column":10},"end":{"line":130,"column":11}},"65":{"start":{"line":128,"column":12},"end":{"line":128,"column":31}},"66":{"start":{"line":129,"column":12},"end":{"line":129,"column":26}},"67":{"start":{"line":132,"column":8},"end":{"line":132,"column":24}},"68":{"start":{"line":138,"column":0},"end":{"line":138,"column":28}}},"fnMap":{"0":{"name":"(anonymous_0)","decl":{"start":{"line":6,"column":10},"end":{"line":6,"column":11}},"loc":{"start":{"line":6,"column":16},"end":{"line":14,"column":4}},"line":6},"1":{"name":"(anonymous_1)","decl":{"start":{"line":6,"column":28},"end":{"line":6,"column":29}},"loc":{"start":{"line":6,"column":49},"end":{"line":14,"column":3}},"line":6},"2":{"name":"(anonymous_2)","decl":{"start":{"line":7,"column":36},"end":{"line":7,"column":37}},"loc":{"start":{"line":7,"column":53},"end":{"line":13,"column":5}},"line":7},"3":{"name":"(anonymous_3)","decl":{"start":{"line":15,"column":11},"end":{"line":15,"column":12}},"loc":{"start":{"line":15,"column":55},"end":{"line":28,"column":4}},"line":15},"4":{"name":"(anonymous_4)","decl":{"start":{"line":15,"column":67},"end":{"line":15,"column":68}},"loc":{"start":{"line":15,"column":88},"end":{"line":28,"column":3}},"line":15},"5":{"name":"(anonymous_5)","decl":{"start":{"line":20,"column":42},"end":{"line":20,"column":43}},"loc":{"start":{"line":20,"column":59},"end":{"line":26,"column":7}},"line":20},"6":{"name":"(anonymous_6)","decl":{"start":{"line":29,"column":14},"end":{"line":29,"column":15}},"loc":{"start":{"line":29,"column":22},"end":{"line":37,"column":4}},"line":29},"7":{"name":"(anonymous_7)","decl":{"start":{"line":29,"column":34},"end":{"line":29,"column":35}},"loc":{"start":{"line":29,"column":55},"end":{"line":37,"column":3}},"line":29},"8":{"name":"(anonymous_8)","decl":{"start":{"line":30,"column":53},"end":{"line":30,"column":54}},"loc":{"start":{"line":30,"column":70},"end":{"line":36,"column":5}},"line":30},"9":{"name":"(anonymous_9)","decl":{"start":{"line":38,"column":10},"end":{"line":38,"column":11}},"loc":{"start":{"line":38,"column":36},"end":{"line":52,"column":4}},"line":38},"10":{"name":"(anonymous_10)","decl":{"start":{"line":38,"column":48},"end":{"line":38,"column":49}},"loc":{"start":{"line":38,"column":69},"end":{"line":52,"column":3}},"line":38},"11":{"name":"(anonymous_11)","decl":{"start":{"line":45,"column":10},"end":{"line":45,"column":11}},"loc":{"start":{"line":45,"column":27},"end":{"line":51,"column":5}},"line":45},"12":{"name":"(anonymous_12)","decl":{"start":{"line":53,"column":12},"end":{"line":53,"column":13}},"loc":{"start":{"line":53,"column":28},"end":{"line":66,"column":4}},"line":53},"13":{"name":"(anonymous_13)","decl":{"start":{"line":53,"column":40},"end":{"line":53,"column":41}},"loc":{"start":{"line":53,"column":61},"end":{"line":66,"column":3}},"line":53},"14":{"name":"(anonymous_14)","decl":{"start":{"line":58,"column":12},"end":{"line":58,"column":13}},"loc":{"start":{"line":58,"column":29},"end":{"line":64,"column":7}},"line":58},"15":{"name":"(anonymous_15)","decl":{"start":{"line":67,"column":15},"end":{"line":67,"column":16}},"loc":{"start":{"line":67,"column":25},"end":{"line":76,"column":4}},"line":67},"16":{"name":"(anonymous_16)","decl":{"start":{"line":67,"column":37},"end":{"line":67,"column":38}},"loc":{"start":{"line":67,"column":58},"end":{"line":76,"column":3}},"line":67},"17":{"name":"(anonymous_17)","decl":{"start":{"line":69,"column":6},"end":{"line":69,"column":7}},"loc":{"start":{"line":69,"column":23},"end":{"line":75,"column":7}},"line":69},"18":{"name":"(anonymous_18)","decl":{"start":{"line":77,"column":20},"end":{"line":77,"column":21}},"loc":{"start":{"line":77,"column":30},"end":{"line":86,"column":4}},"line":77},"19":{"name":"(anonymous_19)","decl":{"start":{"line":77,"column":42},"end":{"line":77,"column":43}},"loc":{"start":{"line":77,"column":63},"end":{"line":86,"column":3}},"line":77},"20":{"name":"(anonymous_20)","decl":{"start":{"line":79,"column":6},"end":{"line":79,"column":7}},"loc":{"start":{"line":79,"column":23},"end":{"line":85,"column":7}},"line":79},"21":{"name":"(anonymous_21)","decl":{"start":{"line":87,"column":12},"end":{"line":87,"column":13}},"loc":{"start":{"line":87,"column":22},"end":{"line":96,"column":4}},"line":87},"22":{"name":"(anonymous_22)","decl":{"start":{"line":87,"column":34},"end":{"line":87,"column":35}},"loc":{"start":{"line":87,"column":55},"end":{"line":96,"column":3}},"line":87},"23":{"name":"(anonymous_23)","decl":{"start":{"line":89,"column":6},"end":{"line":89,"column":7}},"loc":{"start":{"line":89,"column":23},"end":{"line":95,"column":7}},"line":89},"24":{"name":"(anonymous_24)","decl":{"start":{"line":97,"column":10},"end":{"line":97,"column":11}},"loc":{"start":{"line":97,"column":62},"end":{"line":118,"column":4}},"line":97},"25":{"name":"(anonymous_25)","decl":{"start":{"line":97,"column":74},"end":{"line":97,"column":75}},"loc":{"start":{"line":97,"column":95},"end":{"line":118,"column":3}},"line":97},"26":{"name":"(anonymous_26)","decl":{"start":{"line":98,"column":38},"end":{"line":98,"column":39}},"loc":{"start":{"line":98,"column":45},"end":{"line":98,"column":54}},"line":98},"27":{"name":"(anonymous_27)","decl":{"start":{"line":103,"column":69},"end":{"line":103,"column":70}},"loc":{"start":{"line":103,"column":86},"end":{"line":116,"column":7}},"line":103},"28":{"name":"(anonymous_28)","decl":{"start":{"line":108,"column":30},"end":{"line":108,"column":31}},"loc":{"start":{"line":108,"column":41},"end":{"line":113,"column":11}},"line":108},"29":{"name":"(anonymous_29)","decl":{"start":{"line":119,"column":10},"end":{"line":119,"column":11}},"loc":{"start":{"line":119,"column":32},"end":{"line":135,"column":4}},"line":119},"30":{"name":"(anonymous_30)","decl":{"start":{"line":119,"column":44},"end":{"line":119,"column":45}},"loc":{"start":{"line":119,"column":65},"end":{"line":135,"column":3}},"line":119},"31":{"name":"(anonymous_31)","decl":{"start":{"line":120,"column":38},"end":{"line":120,"column":39}},"loc":{"start":{"line":120,"column":45},"end":{"line":120,"column":54}},"line":120},"32":{"name":"(anonymous_32)","decl":{"start":{"line":121,"column":51},"end":{"line":121,"column":52}},"loc":{"start":{"line":121,"column":68},"end":{"line":134,"column":5}},"line":121},"33":{"name":"(anonymous_33)","decl":{"start":{"line":126,"column":28},"end":{"line":126,"column":29}},"loc":{"start":{"line":126,"column":39},"end":{"line":131,"column":9}},"line":126}},"branchMap":{"0":{"loc":{"start":{"line":8,"column":6},"end":{"line":12,"column":7}},"type":"if","locations":[{"start":{"line":8,"column":6},"end":{"line":12,"column":7}},{"start":{"line":8,"column":6},"end":{"line":12,"column":7}}],"line":8},"1":{"loc":{"start":{"line":21,"column":8},"end":{"line":25,"column":9}},"type":"if","locations":[{"start":{"line":21,"column":8},"end":{"line":25,"column":9}},{"start":{"line":21,"column":8},"end":{"line":25,"column":9}}],"line":21},"2":{"loc":{"start":{"line":31,"column":6},"end":{"line":35,"column":7}},"type":"if","locations":[{"start":{"line":31,"column":6},"end":{"line":35,"column":7}},{"start":{"line":31,"column":6},"end":{"line":35,"column":7}}],"line":31},"3":{"loc":{"start":{"line":46,"column":6},"end":{"line":50,"column":7}},"type":"if","locations":[{"start":{"line":46,"column":6},"end":{"line":50,"column":7}},{"start":{"line":46,"column":6},"end":{"line":50,"column":7}}],"line":46},"4":{"loc":{"start":{"line":59,"column":8},"end":{"line":63,"column":9}},"type":"if","locations":[{"start":{"line":59,"column":8},"end":{"line":63,"column":9}},{"start":{"line":59,"column":8},"end":{"line":63,"column":9}}],"line":59},"5":{"loc":{"start":{"line":70,"column":8},"end":{"line":74,"column":9}},"type":"if","locations":[{"start":{"line":70,"column":8},"end":{"line":74,"column":9}},{"start":{"line":70,"column":8},"end":{"line":74,"column":9}}],"line":70},"6":{"loc":{"start":{"line":80,"column":8},"end":{"line":84,"column":9}},"type":"if","locations":[{"start":{"line":80,"column":8},"end":{"line":84,"column":9}},{"start":{"line":80,"column":8},"end":{"line":84,"column":9}}],"line":80},"7":{"loc":{"start":{"line":90,"column":8},"end":{"line":94,"column":9}},"type":"if","locations":[{"start":{"line":90,"column":8},"end":{"line":94,"column":9}},{"start":{"line":90,"column":8},"end":{"line":94,"column":9}}],"line":90},"8":{"loc":{"start":{"line":104,"column":8},"end":{"line":115,"column":9}},"type":"if","locations":[{"start":{"line":104,"column":8},"end":{"line":115,"column":9}},{"start":{"line":104,"column":8},"end":{"line":115,"column":9}}],"line":104},"9":{"loc":{"start":{"line":109,"column":12},"end":{"line":112,"column":13}},"type":"if","locations":[{"start":{"line":109,"column":12},"end":{"line":112,"column":13}},{"start":{"line":109,"column":12},"end":{"line":112,"column":13}}],"line":109},"10":{"loc":{"start":{"line":122,"column":6},"end":{"line":133,"column":7}},"type":"if","locations":[{"start":{"line":122,"column":6},"end":{"line":133,"column":7}},{"start":{"line":122,"column":6},"end":{"line":133,"column":7}}],"line":122},"11":{"loc":{"start":{"line":127,"column":10},"end":{"line":130,"column":11}},"type":"if","locations":[{"start":{"line":127,"column":10},"end":{"line":130,"column":11}},{"start":{"line":127,"column":10},"end":{"line":130,"column":11}}],"line":127}},"s":{"0":1,"1":1,"2":1,"3":1,"4":1,"5":1,"6":1,"7":0,"8":1,"9":1,"10":1,"11":1,"12":0,"13":1,"14":13,"15":13,"16":13,"17":0,"18":13,"19":1,"20":1,"21":1,"22":0,"23":1,"24":1,"25":1,"26":1,"27":0,"28":1,"29":18,"30":18,"31":18,"32":0,"33":18,"34":1,"35":1,"36":1,"37":0,"38":1,"39":1,"40":1,"41":1,"42":0,"43":1,"44":1,"45":1,"46":1,"47":1,"48":1,"49":0,"50":1,"51":1,"52":1,"53":0,"54":0,"55":1,"56":1,"57":1,"58":1,"59":1,"60":1,"61":0,"62":1,"63":1,"64":1,"65":1,"66":1,"67":1,"68":1},"f":{"0":1,"1":1,"2":1,"3":1,"4":1,"5":1,"6":13,"7":13,"8":13,"9":1,"10":1,"11":1,"12":1,"13":1,"14":1,"15":18,"16":18,"17":18,"18":1,"19":1,"20":1,"21":1,"22":1,"23":1,"24":1,"25":1,"26":1,"27":1,"28":1,"29":1,"30":1,"31":1,"32":1,"33":1},"b":{"0":[0,1],"1":[0,1],"2":[0,13],"3":[0,1],"4":[0,1],"5":[0,18],"6":[0,1],"7":[0,1],"8":[0,1],"9":[0,1],"10":[0,1],"11":[1,0]},"_coverageSchema":"1a1c01bbd47fc00a2c39e90264f33305004495a9","hash":"933f2ca7437f768d23f0d40748ce8f4f9214ca24","contentHash":"39accdc02268425ac3a75dc403e0258731c339ea0965f5059c07810c351ee171"},"C:\\fazztrack\\tugas fazztrack\\week_18\\API\\src\\config\\db.js":{"path":"C:\\fazztrack\\tugas fazztrack\\week_18\\API\\src\\config\\db.js","statementMap":{"0":{"start":{"line":2,"column":14},"end":{"line":2,"column":31}},"1":{"start":{"line":3,"column":35},"end":{"line":3,"column":60}},"2":{"start":{"line":6,"column":11},"end":{"line":11,"column":2}},"3":{"start":{"line":14,"column":0},"end":{"line":20,"column":3}},"4":{"start":{"line":15,"column":2},"end":{"line":19,"column":3}},"5":{"start":{"line":16,"column":4},"end":{"line":16,"column":42}},"6":{"start":{"line":18,"column":4},"end":{"line":18,"column":37}},"7":{"start":{"line":22,"column":0},"end":{"line":22,"column":20}}},"fnMap":{"0":{"name":"(anonymous_0)","decl":{"start":{"line":14,"column":11},"end":{"line":14,"column":12}},"loc":{"start":{"line":14,"column":20},"end":{"line":20,"column":1}},"line":14}},"branchMap":{"0":{"loc":{"start":{"line":15,"column":2},"end":{"line":19,"column":3}},"type":"if","locations":[{"start":{"line":15,"column":2},"end":{"line":19,"column":3}},{"start":{"line":15,"column":2},"end":{"line":19,"column":3}}],"line":15}},"s":{"0":1,"1":1,"2":1,"3":1,"4":1,"5":0,"6":1,"7":1},"f":{"0":1},"b":{"0":[0,1]},"_coverageSchema":"1a1c01bbd47fc00a2c39e90264f33305004495a9","hash":"8d987f8d582e4d220646444abcc89bb2a808d9b1","contentHash":"f30510d68b2091e9d95ffc3e7047423f7c32494a57a16bea7279153dbee19e6f"},"C:\\fazztrack\\tugas fazztrack\\week_18\\API\\src\\helpers\\env.js":{"path":"C:\\fazztrack\\tugas fazztrack\\week_18\\API\\src\\helpers\\env.js","statementMap":{"0":{"start":{"line":1,"column":0},"end":{"line":1,"column":27}},"1":{"start":{"line":3,"column":12},"end":{"line":7,"column":1}},"2":{"start":{"line":8,"column":0},"end":{"line":8,"column":21}}},"fnMap":{},"branchMap":{},"s":{"0":1,"1":1,"2":1},"f":{},"b":{},"_coverageSchema":"1a1c01bbd47fc00a2c39e90264f33305004495a9","hash":"166a0ff1d8fedfcb6d01fed4f7adb5fa25aeb330","contentHash":"fd50520b48fafb498c3b729e75ebb3c0f4b2db0f9fb268d55e7a958676495e50"},"C:\\fazztrack\\tugas fazztrack\\week_18\\API\\src\\helpers\\respon.js":{"path":"C:\\fazztrack\\tugas fazztrack\\week_18\\API\\src\\helpers\\respon.js","statementMap":{"0":{"start":{"line":1,"column":17},"end":{"line":46,"column":1}},"1":{"start":{"line":3,"column":22},"end":{"line":8,"column":5}},"2":{"start":{"line":9,"column":4},"end":{"line":9,"column":24}},"3":{"start":{"line":12,"column":4},"end":{"line":44,"column":5}},"4":{"start":{"line":13,"column":24},"end":{"line":18,"column":7}},"5":{"start":{"line":19,"column":6},"end":{"line":19,"column":38}},"6":{"start":{"line":20,"column":11},"end":{"line":44,"column":5}},"7":{"start":{"line":21,"column":24},"end":{"line":26,"column":7}},"8":{"start":{"line":27,"column":6},"end":{"line":27,"column":38}},"9":{"start":{"line":28,"column":11},"end":{"line":44,"column":5}},"10":{"start":{"line":29,"column":24},"end":{"line":34,"column":7}},"11":{"start":{"line":35,"column":6},"end":{"line":35,"column":38}},"12":{"start":{"line":36,"column":11},"end":{"line":44,"column":5}},"13":{"start":{"line":37,"column":24},"end":{"line":42,"column":7}},"14":{"start":{"line":43,"column":6},"end":{"line":43,"column":38}},"15":{"start":{"line":48,"column":0},"end":{"line":48,"column":26}}},"fnMap":{"0":{"name":"(anonymous_0)","decl":{"start":{"line":2,"column":11},"end":{"line":2,"column":12}},"loc":{"start":{"line":2,"column":35},"end":{"line":10,"column":3}},"line":2},"1":{"name":"(anonymous_1)","decl":{"start":{"line":11,"column":10},"end":{"line":11,"column":11}},"loc":{"start":{"line":11,"column":30},"end":{"line":45,"column":3}},"line":11}},"branchMap":{"0":{"loc":{"start":{"line":12,"column":4},"end":{"line":44,"column":5}},"type":"if","locations":[{"start":{"line":12,"column":4},"end":{"line":44,"column":5}},{"start":{"line":12,"column":4},"end":{"line":44,"column":5}}],"line":12},"1":{"loc":{"start":{"line":20,"column":11},"end":{"line":44,"column":5}},"type":"if","locations":[{"start":{"line":20,"column":11},"end":{"line":44,"column":5}},{"start":{"line":20,"column":11},"end":{"line":44,"column":5}}],"line":20},"2":{"loc":{"start":{"line":28,"column":11},"end":{"line":44,"column":5}},"type":"if","locations":[{"start":{"line":28,"column":11},"end":{"line":44,"column":5}},{"start":{"line":28,"column":11},"end":{"line":44,"column":5}}],"line":28},"3":{"loc":{"start":{"line":36,"column":11},"end":{"line":44,"column":5}},"type":"if","locations":[{"start":{"line":36,"column":11},"end":{"line":44,"column":5}},{"start":{"line":36,"column":11},"end":{"line":44,"column":5}}],"line":36}},"s":{"0":1,"1":38,"2":38,"3":0,"4":0,"5":0,"6":0,"7":0,"8":0,"9":0,"10":0,"11":0,"12":0,"13":0,"14":0,"15":1},"f":{"0":38,"1":0},"b":{"0":[0,0],"1":[0,0],"2":[0,0],"3":[0,0]},"_coverageSchema":"1a1c01bbd47fc00a2c39e90264f33305004495a9","hash":"9e46bc98ae4890055eb3b905199baf5773a58517","contentHash":"966dcacf4b8e8e23fb1b085b078fd9424c58df4cd1f4c3164cf04a74022ea723"},"C:\\fazztrack\\tugas fazztrack\\week_18\\API\\src\\helpers\\redis.js":{"path":"C:\\fazztrack\\tugas fazztrack\\week_18\\API\\src\\helpers\\redis.js","statementMap":{"0":{"start":{"line":1,"column":14},"end":{"line":1,"column":30}},"1":{"start":{"line":3,"column":15},"end":{"line":6,"column":2}},"2":{"start":{"line":7,"column":0},"end":{"line":9,"column":3}},"3":{"start":{"line":8,"column":2},"end":{"line":8,"column":19}},"4":{"start":{"line":11,"column":20},"end":{"line":24,"column":1}},"5":{"start":{"line":13,"column":4},"end":{"line":13,"column":27}},"6":{"start":{"line":14,"column":4},"end":{"line":14,"column":16}},"7":{"start":{"line":17,"column":4},"end":{"line":17,"column":27}},"8":{"start":{"line":18,"column":4},"end":{"line":18,"column":16}},"9":{"start":{"line":21,"column":4},"end":{"line":21,"column":20}},"10":{"start":{"line":22,"column":4},"end":{"line":22,"column":16}},"11":{"start":{"line":25,"column":0},"end":{"line":25,"column":29}}},"fnMap":{"0":{"name":"(anonymous_0)","decl":{"start":{"line":7,"column":19},"end":{"line":7,"column":20}},"loc":{"start":{"line":7,"column":28},"end":{"line":9,"column":1}},"line":7},"1":{"name":"(anonymous_1)","decl":{"start":{"line":12,"column":7},"end":{"line":12,"column":8}},"loc":{"start":{"line":12,"column":23},"end":{"line":15,"column":3}},"line":12},"2":{"name":"(anonymous_2)","decl":{"start":{"line":16,"column":7},"end":{"line":16,"column":8}},"loc":{"start":{"line":16,"column":23},"end":{"line":19,"column":3}},"line":16},"3":{"name":"(anonymous_3)","decl":{"start":{"line":20,"column":7},"end":{"line":20,"column":8}},"loc":{"start":{"line":20,"column":16},"end":{"line":23,"column":3}},"line":20}},"branchMap":{},"s":{"0":1,"1":1,"2":1,"3":0,"4":1,"5":4,"6":4,"7":4,"8":4,"9":10,"10":10,"11":1},"f":{"0":0,"1":4,"2":4,"3":10},"b":{},"_coverageSchema":"1a1c01bbd47fc00a2c39e90264f33305004495a9","hash":"567c69d565e2afd629d4548ec0897f259831c8d7","contentHash":"efca49886c23c4d81104e9cb65c3d76d44eb5574978f0e51d8ef8319fdde36fa"},"C:\\fazztrack\\tugas fazztrack\\week_18\\API\\src\\middleware\\authentication.js":{"path":"C:\\fazztrack\\tugas fazztrack\\week_18\\API\\src\\middleware\\authentication.js","statementMap":{"0":{"start":{"line":1,"column":12},"end":{"line":1,"column":35}},"1":{"start":{"line":2,"column":19},"end":{"line":2,"column":47}},"2":{"start":{"line":4,"column":23},"end":{"line":14,"column":1}},"3":{"start":{"line":5,"column":20},"end":{"line":5,"column":31}},"4":{"start":{"line":6,"column":2},"end":{"line":13,"column":5}},"5":{"start":{"line":7,"column":4},"end":{"line":12,"column":5}},"6":{"start":{"line":8,"column":6},"end":{"line":8,"column":28}},"7":{"start":{"line":10,"column":6},"end":{"line":10,"column":30}},"8":{"start":{"line":11,"column":6},"end":{"line":11,"column":13}},"9":{"start":{"line":16,"column":0},"end":{"line":16,"column":32}}},"fnMap":{"0":{"name":"(anonymous_0)","decl":{"start":{"line":4,"column":23},"end":{"line":4,"column":24}},"loc":{"start":{"line":4,"column":43},"end":{"line":14,"column":1}},"line":4},"1":{"name":"(anonymous_1)","decl":{"start":{"line":6,"column":44},"end":{"line":6,"column":45}},"loc":{"start":{"line":6,"column":62},"end":{"line":13,"column":3}},"line":6}},"branchMap":{"0":{"loc":{"start":{"line":7,"column":4},"end":{"line":12,"column":5}},"type":"if","locations":[{"start":{"line":7,"column":4},"end":{"line":12,"column":5}},{"start":{"line":7,"column":4},"end":{"line":12,"column":5}}],"line":7}},"s":{"0":1,"1":1,"2":1,"3":17,"4":17,"5":17,"6":0,"7":17,"8":17,"9":1},"f":{"0":17,"1":17},"b":{"0":[0,17]},"_coverageSchema":"1a1c01bbd47fc00a2c39e90264f33305004495a9","hash":"2bb046b6ecb53dae9fca00607a238559e70cee59","contentHash":"f388e41444cfdc5e0ef047a3f30d9722a1ecb8a7bd002e611756121e7fbdd028"},"C:\\fazztrack\\tugas fazztrack\\week_18\\API\\src\\middleware\\authorization.js":{"path":"C:\\fazztrack\\tugas fazztrack\\week_18\\API\\src\\middleware\\authorization.js","statementMap":{"0":{"start":{"line":1,"column":19},"end":{"line":1,"column":47}},"1":{"start":{"line":2,"column":19},"end":{"line":2,"column":45}},"2":{"start":{"line":4,"column":22},"end":{"line":18,"column":1}},"3":{"start":{"line":6,"column":15},"end":{"line":6,"column":25}},"4":{"start":{"line":7,"column":4},"end":{"line":15,"column":7}},"5":{"start":{"line":8,"column":6},"end":{"line":12,"column":7}},"6":{"start":{"line":9,"column":8},"end":{"line":9,"column":15}},"7":{"start":{"line":11,"column":8},"end":{"line":11,"column":39}},"8":{"start":{"line":14,"column":6},"end":{"line":14,"column":28}},"9":{"start":{"line":20,"column":0},"end":{"line":20,"column":31}}},"fnMap":{"0":{"name":"(anonymous_0)","decl":{"start":{"line":5,"column":11},"end":{"line":5,"column":12}},"loc":{"start":{"line":5,"column":31},"end":{"line":16,"column":3}},"line":5},"1":{"name":"(anonymous_1)","decl":{"start":{"line":7,"column":35},"end":{"line":7,"column":36}},"loc":{"start":{"line":7,"column":47},"end":{"line":13,"column":5}},"line":7},"2":{"name":"(anonymous_2)","decl":{"start":{"line":13,"column":13},"end":{"line":13,"column":14}},"loc":{"start":{"line":13,"column":22},"end":{"line":15,"column":5}},"line":13}},"branchMap":{"0":{"loc":{"start":{"line":8,"column":6},"end":{"line":12,"column":7}},"type":"if","locations":[{"start":{"line":8,"column":6},"end":{"line":12,"column":7}},{"start":{"line":8,"column":6},"end":{"line":12,"column":7}}],"line":8}},"s":{"0":1,"1":1,"2":1,"3":10,"4":10,"5":10,"6":10,"7":0,"8":0,"9":1},"f":{"0":10,"1":10,"2":0},"b":{"0":[10,0]},"_coverageSchema":"1a1c01bbd47fc00a2c39e90264f33305004495a9","hash":"c0432817eb3187a73607608238a03e26ce6e7bf0","contentHash":"afc192c0e2dc9c554306b06964a4354becd86cfd55c677e5d0c67d94583e8688"},"C:\\fazztrack\\tugas fazztrack\\week_18\\API\\src\\middleware\\upload.js":{"path":"C:\\fazztrack\\tugas fazztrack\\week_18\\API\\src\\middleware\\upload.js","statementMap":{"0":{"start":{"line":1,"column":15},"end":{"line":1,"column":32}},"1":{"start":{"line":2,"column":13},"end":{"line":2,"column":28}},"2":{"start":{"line":3,"column":19},"end":{"line":3,"column":47}},"3":{"start":{"line":5,"column":21},"end":{"line":27,"column":2}},"4":{"start":{"line":8,"column":6},"end":{"line":8,"column":28}},"5":{"start":{"line":11,"column":18},"end":{"line":11,"column":49}},"6":{"start":{"line":12,"column":6},"end":{"line":12,"column":59}},"7":{"start":{"line":16,"column":16},"end":{"line":16,"column":47}},"8":{"start":{"line":17,"column":4},"end":{"line":24,"column":5}},"9":{"start":{"line":18,"column":6},"end":{"line":18,"column":21}},"10":{"start":{"line":20,"column":20},"end":{"line":22,"column":7}},"11":{"start":{"line":23,"column":6},"end":{"line":23,"column":23}},"12":{"start":{"line":30,"column":15},"end":{"line":39,"column":1}},"13":{"start":{"line":31,"column":23},"end":{"line":31,"column":51}},"14":{"start":{"line":32,"column":2},"end":{"line":38,"column":5}},"15":{"start":{"line":33,"column":4},"end":{"line":37,"column":5}},"16":{"start":{"line":34,"column":6},"end":{"line":34,"column":28}},"17":{"start":{"line":36,"column":6},"end":{"line":36,"column":13}},"18":{"start":{"line":41,"column":0},"end":{"line":41,"column":24}}},"fnMap":{"0":{"name":"(anonymous_0)","decl":{"start":{"line":7,"column":17},"end":{"line":7,"column":18}},"loc":{"start":{"line":7,"column":36},"end":{"line":9,"column":5}},"line":7},"1":{"name":"(anonymous_1)","decl":{"start":{"line":10,"column":14},"end":{"line":10,"column":15}},"loc":{"start":{"line":10,"column":33},"end":{"line":13,"column":5}},"line":10},"2":{"name":"(anonymous_2)","decl":{"start":{"line":15,"column":14},"end":{"line":15,"column":15}},"loc":{"start":{"line":15,"column":33},"end":{"line":25,"column":3}},"line":15},"3":{"name":"(anonymous_3)","decl":{"start":{"line":30,"column":15},"end":{"line":30,"column":16}},"loc":{"start":{"line":30,"column":35},"end":{"line":39,"column":1}},"line":30},"4":{"name":"(anonymous_4)","decl":{"start":{"line":32,"column":25},"end":{"line":32,"column":26}},"loc":{"start":{"line":32,"column":34},"end":{"line":38,"column":3}},"line":32}},"branchMap":{"0":{"loc":{"start":{"line":17,"column":4},"end":{"line":24,"column":5}},"type":"if","locations":[{"start":{"line":17,"column":4},"end":{"line":24,"column":5}},{"start":{"line":17,"column":4},"end":{"line":24,"column":5}}],"line":17},"1":{"loc":{"start":{"line":17,"column":8},"end":{"line":17,"column":59}},"type":"binary-expr","locations":[{"start":{"line":17,"column":8},"end":{"line":17,"column":22}},{"start":{"line":17,"column":26},"end":{"line":17,"column":40}},{"start":{"line":17,"column":44},"end":{"line":17,"column":59}}],"line":17},"2":{"loc":{"start":{"line":33,"column":4},"end":{"line":37,"column":5}},"type":"if","locations":[{"start":{"line":33,"column":4},"end":{"line":37,"column":5}},{"start":{"line":33,"column":4},"end":{"line":37,"column":5}}],"line":33}},"s":{"0":1,"1":1,"2":1,"3":1,"4":4,"5":4,"6":4,"7":4,"8":4,"9":4,"10":0,"11":0,"12":1,"13":5,"14":5,"15":5,"16":0,"17":5,"18":1},"f":{"0":4,"1":4,"2":4,"3":5,"4":5},"b":{"0":[4,0],"1":[4,0,0],"2":[0,5]},"_coverageSchema":"1a1c01bbd47fc00a2c39e90264f33305004495a9","hash":"d95102af4aba784b3cf25705ee7d0a829559c4e3","contentHash":"e2dd9b513a1b13563ac6fd49387cf12da43fe9ea1be20cb5e4c5ca904937307a"},"C:\\fazztrack\\tugas fazztrack\\week_18\\API\\src\\routers\\Category.js":{"path":"C:\\fazztrack\\tugas fazztrack\\week_18\\API\\src\\routers\\Category.js","statementMap":{"0":{"start":{"line":1,"column":16},"end":{"line":1,"column":34}},"1":{"start":{"line":2,"column":27},"end":{"line":2,"column":61}},"2":{"start":{"line":3,"column":15},"end":{"line":3,"column":54}},"3":{"start":{"line":4,"column":15},"end":{"line":4,"column":53}},"4":{"start":{"line":6,"column":23},"end":{"line":6,"column":39}},"5":{"start":{"line":7,"column":0},"end":{"line":12,"column":78}},"6":{"start":{"line":14,"column":0},"end":{"line":14,"column":32}}},"fnMap":{},"branchMap":{},"s":{"0":1,"1":1,"2":1,"3":1,"4":1,"5":1,"6":1},"f":{},"b":{},"_coverageSchema":"1a1c01bbd47fc00a2c39e90264f33305004495a9","hash":"7e0eab7f29e735a700626d70eab5c6f9bcd6379d","contentHash":"4476fd990986d8eeff11e29b4e4bbe1233f4b1283861e4b6e93d879966f6c354"},"C:\\fazztrack\\tugas fazztrack\\week_18\\API\\src\\controllers\\Category.js":{"path":"C:\\fazztrack\\tugas fazztrack\\week_18\\API\\src\\controllers\\Category.js","statementMap":{"0":{"start":{"line":1,"column":10},"end":{"line":1,"column":27}},"1":{"start":{"line":2,"column":22},"end":{"line":2,"column":51}},"2":{"start":{"line":3,"column":28},"end":{"line":3,"column":56}},"3":{"start":{"line":4,"column":20},"end":{"line":4,"column":47}},"4":{"start":{"line":6,"column":17},"end":{"line":122,"column":1}},"5":{"start":{"line":8,"column":4},"end":{"line":56,"column":5}},"6":{"start":{"line":9,"column":24},"end":{"line":9,"column":27}},"7":{"start":{"line":10,"column":21},"end":{"line":10,"column":67}},"8":{"start":{"line":11,"column":20},"end":{"line":11,"column":66}},"9":{"start":{"line":12,"column":23},"end":{"line":12,"column":65}},"10":{"start":{"line":14,"column":20},"end":{"line":14,"column":74}},"11":{"start":{"line":15,"column":19},"end":{"line":15,"column":60}},"12":{"start":{"line":17,"column":21},"end":{"line":17,"column":56}},"13":{"start":{"line":18,"column":6},"end":{"line":53,"column":9}},"14":{"start":{"line":19,"column":8},"end":{"line":52,"column":9}},"15":{"start":{"line":20,"column":10},"end":{"line":20,"column":32}},"16":{"start":{"line":21,"column":15},"end":{"line":52,"column":9}},"17":{"start":{"line":22,"column":10},"end":{"line":39,"column":13}},"18":{"start":{"line":23,"column":28},"end":{"line":23,"column":56}},"19":{"start":{"line":24,"column":27},"end":{"line":30,"column":13}},"20":{"start":{"line":31,"column":12},"end":{"line":35,"column":15}},"21":{"start":{"line":32,"column":14},"end":{"line":34,"column":15}},"22":{"start":{"line":33,"column":16},"end":{"line":33,"column":40}},"23":{"start":{"line":36,"column":12},"end":{"line":36,"column":43}},"24":{"start":{"line":38,"column":12},"end":{"line":38,"column":36}},"25":{"start":{"line":41,"column":27},"end":{"line":41,"column":45}},"26":{"start":{"line":42,"column":31},"end":{"line":42,"column":85}},"27":{"start":{"line":42,"column":57},"end":{"line":42,"column":84}},"28":{"start":{"line":43,"column":27},"end":{"line":43,"column":72}},"29":{"start":{"line":44,"column":25},"end":{"line":50,"column":11}},"30":{"start":{"line":51,"column":10},"end":{"line":51,"column":41}},"31":{"start":{"line":55,"column":6},"end":{"line":55,"column":30}},"32":{"start":{"line":59,"column":4},"end":{"line":68,"column":5}},"33":{"start":{"line":60,"column":21},"end":{"line":60,"column":31}},"34":{"start":{"line":61,"column":6},"end":{"line":65,"column":9}},"35":{"start":{"line":62,"column":8},"end":{"line":62,"column":39}},"36":{"start":{"line":64,"column":8},"end":{"line":64,"column":30}},"37":{"start":{"line":67,"column":6},"end":{"line":67,"column":30}},"38":{"start":{"line":71,"column":4},"end":{"line":85,"column":5}},"39":{"start":{"line":72,"column":23},"end":{"line":72,"column":26}},"40":{"start":{"line":73,"column":6},"end":{"line":82,"column":9}},"41":{"start":{"line":74,"column":8},"end":{"line":78,"column":11}},"42":{"start":{"line":75,"column":10},"end":{"line":77,"column":11}},"43":{"start":{"line":76,"column":12},"end":{"line":76,"column":36}},"44":{"start":{"line":79,"column":8},"end":{"line":79,"column":39}},"45":{"start":{"line":81,"column":8},"end":{"line":81,"column":30}},"46":{"start":{"line":84,"column":6},"end":{"line":84,"column":30}},"47":{"start":{"line":88,"column":4},"end":{"line":103,"column":5}},"48":{"start":{"line":89,"column":21},"end":{"line":89,"column":31}},"49":{"start":{"line":90,"column":23},"end":{"line":90,"column":26}},"50":{"start":{"line":91,"column":6},"end":{"line":100,"column":9}},"51":{"start":{"line":92,"column":8},"end":{"line":96,"column":11}},"52":{"start":{"line":93,"column":10},"end":{"line":95,"column":11}},"53":{"start":{"line":94,"column":12},"end":{"line":94,"column":36}},"54":{"start":{"line":97,"column":8},"end":{"line":97,"column":39}},"55":{"start":{"line":99,"column":8},"end":{"line":99,"column":30}},"56":{"start":{"line":102,"column":6},"end":{"line":102,"column":30}},"57":{"start":{"line":106,"column":4},"end":{"line":120,"column":5}},"58":{"start":{"line":107,"column":21},"end":{"line":107,"column":31}},"59":{"start":{"line":108,"column":6},"end":{"line":117,"column":9}},"60":{"start":{"line":109,"column":8},"end":{"line":113,"column":11}},"61":{"start":{"line":110,"column":10},"end":{"line":112,"column":11}},"62":{"start":{"line":111,"column":12},"end":{"line":111,"column":36}},"63":{"start":{"line":114,"column":8},"end":{"line":114,"column":39}},"64":{"start":{"line":116,"column":8},"end":{"line":116,"column":30}},"65":{"start":{"line":119,"column":6},"end":{"line":119,"column":30}},"66":{"start":{"line":124,"column":0},"end":{"line":124,"column":26}}},"fnMap":{"0":{"name":"(anonymous_0)","decl":{"start":{"line":7,"column":11},"end":{"line":7,"column":12}},"loc":{"start":{"line":7,"column":25},"end":{"line":57,"column":3}},"line":7},"1":{"name":"(anonymous_1)","decl":{"start":{"line":18,"column":34},"end":{"line":18,"column":35}},"loc":{"start":{"line":18,"column":51},"end":{"line":53,"column":7}},"line":18},"2":{"name":"(anonymous_2)","decl":{"start":{"line":22,"column":77},"end":{"line":22,"column":78}},"loc":{"start":{"line":22,"column":96},"end":{"line":37,"column":11}},"line":22},"3":{"name":"(anonymous_3)","decl":{"start":{"line":31,"column":65},"end":{"line":31,"column":66}},"loc":{"start":{"line":31,"column":76},"end":{"line":35,"column":13}},"line":31},"4":{"name":"(anonymous_4)","decl":{"start":{"line":37,"column":19},"end":{"line":37,"column":20}},"loc":{"start":{"line":37,"column":30},"end":{"line":39,"column":11}},"line":37},"5":{"name":"(anonymous_5)","decl":{"start":{"line":42,"column":50},"end":{"line":42,"column":51}},"loc":{"start":{"line":42,"column":57},"end":{"line":42,"column":84}},"line":42},"6":{"name":"(anonymous_6)","decl":{"start":{"line":58,"column":14},"end":{"line":58,"column":15}},"loc":{"start":{"line":58,"column":28},"end":{"line":69,"column":3}},"line":58},"7":{"name":"(anonymous_7)","decl":{"start":{"line":61,"column":40},"end":{"line":61,"column":41}},"loc":{"start":{"line":61,"column":52},"end":{"line":63,"column":7}},"line":61},"8":{"name":"(anonymous_8)","decl":{"start":{"line":63,"column":15},"end":{"line":63,"column":16}},"loc":{"start":{"line":63,"column":24},"end":{"line":65,"column":7}},"line":63},"9":{"name":"(anonymous_9)","decl":{"start":{"line":70,"column":10},"end":{"line":70,"column":11}},"loc":{"start":{"line":70,"column":24},"end":{"line":86,"column":3}},"line":70},"10":{"name":"(anonymous_10)","decl":{"start":{"line":73,"column":38},"end":{"line":73,"column":39}},"loc":{"start":{"line":73,"column":50},"end":{"line":80,"column":7}},"line":73},"11":{"name":"(anonymous_11)","decl":{"start":{"line":74,"column":36},"end":{"line":74,"column":37}},"loc":{"start":{"line":74,"column":47},"end":{"line":78,"column":9}},"line":74},"12":{"name":"(anonymous_12)","decl":{"start":{"line":80,"column":15},"end":{"line":80,"column":16}},"loc":{"start":{"line":80,"column":24},"end":{"line":82,"column":7}},"line":80},"13":{"name":"(anonymous_13)","decl":{"start":{"line":87,"column":10},"end":{"line":87,"column":11}},"loc":{"start":{"line":87,"column":24},"end":{"line":104,"column":3}},"line":87},"14":{"name":"(anonymous_14)","decl":{"start":{"line":91,"column":42},"end":{"line":91,"column":43}},"loc":{"start":{"line":91,"column":54},"end":{"line":98,"column":7}},"line":91},"15":{"name":"(anonymous_15)","decl":{"start":{"line":92,"column":36},"end":{"line":92,"column":37}},"loc":{"start":{"line":92,"column":47},"end":{"line":96,"column":9}},"line":92},"16":{"name":"(anonymous_16)","decl":{"start":{"line":98,"column":15},"end":{"line":98,"column":16}},"loc":{"start":{"line":98,"column":24},"end":{"line":100,"column":7}},"line":98},"17":{"name":"(anonymous_17)","decl":{"start":{"line":105,"column":10},"end":{"line":105,"column":11}},"loc":{"start":{"line":105,"column":24},"end":{"line":121,"column":3}},"line":105},"18":{"name":"(anonymous_18)","decl":{"start":{"line":108,"column":36},"end":{"line":108,"column":37}},"loc":{"start":{"line":108,"column":48},"end":{"line":115,"column":7}},"line":108},"19":{"name":"(anonymous_19)","decl":{"start":{"line":109,"column":36},"end":{"line":109,"column":37}},"loc":{"start":{"line":109,"column":47},"end":{"line":113,"column":9}},"line":109},"20":{"name":"(anonymous_20)","decl":{"start":{"line":115,"column":15},"end":{"line":115,"column":16}},"loc":{"start":{"line":115,"column":24},"end":{"line":117,"column":7}},"line":115}},"branchMap":{"0":{"loc":{"start":{"line":10,"column":21},"end":{"line":10,"column":67}},"type":"cond-expr","locations":[{"start":{"line":10,"column":50},"end":{"line":10,"column":52}},{"start":{"line":10,"column":55},"end":{"line":10,"column":67}}],"line":10},"1":{"loc":{"start":{"line":11,"column":20},"end":{"line":11,"column":66}},"type":"cond-expr","locations":[{"start":{"line":11,"column":48},"end":{"line":11,"column":52}},{"start":{"line":11,"column":55},"end":{"line":11,"column":66}}],"line":11},"2":{"loc":{"start":{"line":12,"column":23},"end":{"line":12,"column":65}},"type":"cond-expr","locations":[{"start":{"line":12,"column":50},"end":{"line":12,"column":52}},{"start":{"line":12,"column":55},"end":{"line":12,"column":65}}],"line":12},"3":{"loc":{"start":{"line":14,"column":20},"end":{"line":14,"column":74}},"type":"cond-expr","locations":[{"start":{"line":14,"column":48},"end":{"line":14,"column":50}},{"start":{"line":14,"column":53},"end":{"line":14,"column":74}}],"line":14},"4":{"loc":{"start":{"line":15,"column":19},"end":{"line":15,"column":60}},"type":"cond-expr","locations":[{"start":{"line":15,"column":46},"end":{"line":15,"column":47}},{"start":{"line":15,"column":50},"end":{"line":15,"column":60}}],"line":15},"5":{"loc":{"start":{"line":17,"column":21},"end":{"line":17,"column":56}},"type":"cond-expr","locations":[{"start":{"line":17,"column":34},"end":{"line":17,"column":35}},{"start":{"line":17,"column":38},"end":{"line":17,"column":56}}],"line":17},"6":{"loc":{"start":{"line":19,"column":8},"end":{"line":52,"column":9}},"type":"if","locations":[{"start":{"line":19,"column":8},"end":{"line":52,"column":9}},{"start":{"line":19,"column":8},"end":{"line":52,"column":9}}],"line":19},"7":{"loc":{"start":{"line":21,"column":15},"end":{"line":52,"column":9}},"type":"if","locations":[{"start":{"line":21,"column":15},"end":{"line":52,"column":9}},{"start":{"line":21,"column":15},"end":{"line":52,"column":9}}],"line":21},"8":{"loc":{"start":{"line":32,"column":14},"end":{"line":34,"column":15}},"type":"if","locations":[{"start":{"line":32,"column":14},"end":{"line":34,"column":15}},{"start":{"line":32,"column":14},"end":{"line":34,"column":15}}],"line":32},"9":{"loc":{"start":{"line":75,"column":10},"end":{"line":77,"column":11}},"type":"if","locations":[{"start":{"line":75,"column":10},"end":{"line":77,"column":11}},{"start":{"line":75,"column":10},"end":{"line":77,"column":11}}],"line":75},"10":{"loc":{"start":{"line":93,"column":10},"end":{"line":95,"column":11}},"type":"if","locations":[{"start":{"line":93,"column":10},"end":{"line":95,"column":11}},{"start":{"line":93,"column":10},"end":{"line":95,"column":11}}],"line":93},"11":{"loc":{"start":{"line":110,"column":10},"end":{"line":112,"column":11}},"type":"if","locations":[{"start":{"line":110,"column":10},"end":{"line":112,"column":11}},{"start":{"line":110,"column":10},"end":{"line":112,"column":11}}],"line":110}},"s":{"0":1,"1":1,"2":1,"3":1,"4":1,"5":1,"6":1,"7":1,"8":1,"9":1,"10":1,"11":1,"12":1,"13":1,"14":1,"15":0,"16":1,"17":1,"18":1,"19":1,"20":1,"21":0,"22":0,"23":1,"24":0,"25":0,"26":0,"27":0,"28":0,"29":0,"30":0,"31":0,"32":1,"33":1,"34":1,"35":1,"36":0,"37":0,"38":1,"39":1,"40":1,"41":1,"42":0,"43":0,"44":1,"45":0,"46":0,"47":1,"48":1,"49":1,"50":1,"51":1,"52":0,"53":0,"54":1,"55":0,"56":0,"57":1,"58":1,"59":1,"60":1,"61":0,"62":0,"63":1,"64":0,"65":0,"66":1},"f":{"0":1,"1":1,"2":1,"3":0,"4":0,"5":0,"6":1,"7":1,"8":0,"9":1,"10":1,"11":0,"12":0,"13":1,"14":1,"15":0,"16":0,"17":1,"18":1,"19":0,"20":0},"b":{"0":[1,0],"1":[1,0],"2":[1,0],"3":[1,0],"4":[1,0],"5":[1,0],"6":[0,1],"7":[1,0],"8":[0,0],"9":[0,0],"10":[0,0],"11":[0,0]},"_coverageSchema":"1a1c01bbd47fc00a2c39e90264f33305004495a9","hash":"98685063f67092686b5f752f62147a1178639833","contentHash":"7f95fc44404a917d91893aa69b2c5ff04cfb3c17d575c1015fca7b1b6fca0030"},"C:\\fazztrack\\tugas fazztrack\\week_18\\API\\src\\models\\Category.js":{"path":"C:\\fazztrack\\tugas fazztrack\\week_18\\API\\src\\models\\Category.js","statementMap":{"0":{"start":{"line":1,"column":11},"end":{"line":1,"column":34}},"1":{"start":{"line":3,"column":22},"end":{"line":63,"column":1}},"2":{"start":{"line":4,"column":16},"end":{"line":12,"column":4}},"3":{"start":{"line":5,"column":4},"end":{"line":11,"column":7}},"4":{"start":{"line":6,"column":6},"end":{"line":10,"column":7}},"5":{"start":{"line":7,"column":8},"end":{"line":7,"column":20}},"6":{"start":{"line":9,"column":8},"end":{"line":9,"column":24}},"7":{"start":{"line":13,"column":55},"end":{"line":26,"column":4}},"8":{"start":{"line":14,"column":4},"end":{"line":25,"column":6}},"9":{"start":{"line":19,"column":8},"end":{"line":23,"column":9}},"10":{"start":{"line":20,"column":10},"end":{"line":20,"column":22}},"11":{"start":{"line":22,"column":10},"end":{"line":22,"column":26}},"12":{"start":{"line":27,"column":22},"end":{"line":35,"column":4}},"13":{"start":{"line":28,"column":4},"end":{"line":34,"column":7}},"14":{"start":{"line":29,"column":6},"end":{"line":33,"column":7}},"15":{"start":{"line":30,"column":8},"end":{"line":30,"column":20}},"16":{"start":{"line":32,"column":8},"end":{"line":32,"column":24}},"17":{"start":{"line":36,"column":20},"end":{"line":44,"column":4}},"18":{"start":{"line":37,"column":4},"end":{"line":43,"column":7}},"19":{"start":{"line":38,"column":6},"end":{"line":42,"column":7}},"20":{"start":{"line":39,"column":8},"end":{"line":39,"column":20}},"21":{"start":{"line":41,"column":8},"end":{"line":41,"column":24}},"22":{"start":{"line":45,"column":24},"end":{"line":53,"column":4}},"23":{"start":{"line":46,"column":4},"end":{"line":52,"column":7}},"24":{"start":{"line":47,"column":6},"end":{"line":51,"column":7}},"25":{"start":{"line":48,"column":8},"end":{"line":48,"column":20}},"26":{"start":{"line":50,"column":8},"end":{"line":50,"column":24}},"27":{"start":{"line":54,"column":18},"end":{"line":62,"column":4}},"28":{"start":{"line":55,"column":4},"end":{"line":61,"column":7}},"29":{"start":{"line":56,"column":6},"end":{"line":60,"column":7}},"30":{"start":{"line":57,"column":8},"end":{"line":57,"column":20}},"31":{"start":{"line":59,"column":8},"end":{"line":59,"column":24}},"32":{"start":{"line":65,"column":0},"end":{"line":65,"column":31}}},"fnMap":{"0":{"name":"(anonymous_0)","decl":{"start":{"line":4,"column":10},"end":{"line":4,"column":11}},"loc":{"start":{"line":4,"column":16},"end":{"line":12,"column":4}},"line":4},"1":{"name":"(anonymous_1)","decl":{"start":{"line":4,"column":28},"end":{"line":4,"column":29}},"loc":{"start":{"line":4,"column":49},"end":{"line":12,"column":3}},"line":4},"2":{"name":"(anonymous_2)","decl":{"start":{"line":5,"column":39},"end":{"line":5,"column":40}},"loc":{"start":{"line":5,"column":56},"end":{"line":11,"column":5}},"line":5},"3":{"name":"(anonymous_3)","decl":{"start":{"line":13,"column":11},"end":{"line":13,"column":12}},"loc":{"start":{"line":13,"column":55},"end":{"line":26,"column":4}},"line":13},"4":{"name":"(anonymous_4)","decl":{"start":{"line":13,"column":67},"end":{"line":13,"column":68}},"loc":{"start":{"line":13,"column":88},"end":{"line":26,"column":3}},"line":13},"5":{"name":"(anonymous_5)","decl":{"start":{"line":18,"column":42},"end":{"line":18,"column":43}},"loc":{"start":{"line":18,"column":59},"end":{"line":24,"column":7}},"line":18},"6":{"name":"(anonymous_6)","decl":{"start":{"line":27,"column":14},"end":{"line":27,"column":15}},"loc":{"start":{"line":27,"column":22},"end":{"line":35,"column":4}},"line":27},"7":{"name":"(anonymous_7)","decl":{"start":{"line":27,"column":34},"end":{"line":27,"column":35}},"loc":{"start":{"line":27,"column":55},"end":{"line":35,"column":3}},"line":27},"8":{"name":"(anonymous_8)","decl":{"start":{"line":28,"column":56},"end":{"line":28,"column":57}},"loc":{"start":{"line":28,"column":73},"end":{"line":34,"column":5}},"line":28},"9":{"name":"(anonymous_9)","decl":{"start":{"line":36,"column":10},"end":{"line":36,"column":11}},"loc":{"start":{"line":36,"column":20},"end":{"line":44,"column":4}},"line":36},"10":{"name":"(anonymous_10)","decl":{"start":{"line":36,"column":32},"end":{"line":36,"column":33}},"loc":{"start":{"line":36,"column":53},"end":{"line":44,"column":3}},"line":36},"11":{"name":"(anonymous_11)","decl":{"start":{"line":37,"column":75},"end":{"line":37,"column":76}},"loc":{"start":{"line":37,"column":92},"end":{"line":43,"column":5}},"line":37},"12":{"name":"(anonymous_12)","decl":{"start":{"line":45,"column":10},"end":{"line":45,"column":11}},"loc":{"start":{"line":45,"column":24},"end":{"line":53,"column":4}},"line":45},"13":{"name":"(anonymous_13)","decl":{"start":{"line":45,"column":36},"end":{"line":45,"column":37}},"loc":{"start":{"line":45,"column":57},"end":{"line":53,"column":3}},"line":45},"14":{"name":"(anonymous_14)","decl":{"start":{"line":46,"column":81},"end":{"line":46,"column":82}},"loc":{"start":{"line":46,"column":98},"end":{"line":52,"column":5}},"line":46},"15":{"name":"(anonymous_15)","decl":{"start":{"line":54,"column":10},"end":{"line":54,"column":11}},"loc":{"start":{"line":54,"column":18},"end":{"line":62,"column":4}},"line":54},"16":{"name":"(anonymous_16)","decl":{"start":{"line":54,"column":30},"end":{"line":54,"column":31}},"loc":{"start":{"line":54,"column":51},"end":{"line":62,"column":3}},"line":54},"17":{"name":"(anonymous_17)","decl":{"start":{"line":55,"column":54},"end":{"line":55,"column":55}},"loc":{"start":{"line":55,"column":71},"end":{"line":61,"column":5}},"line":55}},"branchMap":{"0":{"loc":{"start":{"line":6,"column":6},"end":{"line":10,"column":7}},"type":"if","locations":[{"start":{"line":6,"column":6},"end":{"line":10,"column":7}},{"start":{"line":6,"column":6},"end":{"line":10,"column":7}}],"line":6},"1":{"loc":{"start":{"line":19,"column":8},"end":{"line":23,"column":9}},"type":"if","locations":[{"start":{"line":19,"column":8},"end":{"line":23,"column":9}},{"start":{"line":19,"column":8},"end":{"line":23,"column":9}}],"line":19},"2":{"loc":{"start":{"line":29,"column":6},"end":{"line":33,"column":7}},"type":"if","locations":[{"start":{"line":29,"column":6},"end":{"line":33,"column":7}},{"start":{"line":29,"column":6},"end":{"line":33,"column":7}}],"line":29},"3":{"loc":{"start":{"line":38,"column":6},"end":{"line":42,"column":7}},"type":"if","locations":[{"start":{"line":38,"column":6},"end":{"line":42,"column":7}},{"start":{"line":38,"column":6},"end":{"line":42,"column":7}}],"line":38},"4":{"loc":{"start":{"line":47,"column":6},"end":{"line":51,"column":7}},"type":"if","locations":[{"start":{"line":47,"column":6},"end":{"line":51,"column":7}},{"start":{"line":47,"column":6},"end":{"line":51,"column":7}}],"line":47},"5":{"loc":{"start":{"line":56,"column":6},"end":{"line":60,"column":7}},"type":"if","locations":[{"start":{"line":56,"column":6},"end":{"line":60,"column":7}},{"start":{"line":56,"column":6},"end":{"line":60,"column":7}}],"line":56}},"s":{"0":1,"1":1,"2":1,"3":1,"4":1,"5":0,"6":1,"7":1,"8":1,"9":1,"10":0,"11":1,"12":1,"13":1,"14":1,"15":0,"16":1,"17":1,"18":1,"19":1,"20":0,"21":1,"22":1,"23":1,"24":1,"25":0,"26":1,"27":1,"28":1,"29":1,"30":0,"31":1,"32":1},"f":{"0":1,"1":1,"2":1,"3":1,"4":1,"5":1,"6":1,"7":1,"8":1,"9":1,"10":1,"11":1,"12":1,"13":1,"14":1,"15":1,"16":1,"17":1},"b":{"0":[0,1],"1":[0,1],"2":[0,1],"3":[0,1],"4":[0,1],"5":[0,1]},"_coverageSchema":"1a1c01bbd47fc00a2c39e90264f33305004495a9","hash":"98ba7de564e2589edf152f18251dcf09ee75a0be","contentHash":"5c07963146ccc2fb5ddc0d0744b338571854c461c2ba4ee20127466ff8ea4265"},"C:\\fazztrack\\tugas fazztrack\\week_18\\API\\src\\routers\\Product.js":{"path":"C:\\fazztrack\\tugas fazztrack\\week_18\\API\\src\\routers\\Product.js","statementMap":{"0":{"start":{"line":1,"column":16},"end":{"line":1,"column":34}},"1":{"start":{"line":2,"column":26},"end":{"line":2,"column":59}},"2":{"start":{"line":3,"column":15},"end":{"line":3,"column":54}},"3":{"start":{"line":4,"column":15},"end":{"line":4,"column":53}},"4":{"start":{"line":5,"column":15},"end":{"line":5,"column":46}},"5":{"start":{"line":7,"column":22},"end":{"line":7,"column":38}},"6":{"start":{"line":8,"column":0},"end":{"line":13,"column":84}},"7":{"start":{"line":15,"column":0},"end":{"line":15,"column":31}}},"fnMap":{},"branchMap":{},"s":{"0":1,"1":1,"2":1,"3":1,"4":1,"5":1,"6":1,"7":1},"f":{},"b":{},"_coverageSchema":"1a1c01bbd47fc00a2c39e90264f33305004495a9","hash":"532d1c659508bd51cdb8dba6b1a71c5fbbed5dac","contentHash":"876c6df3c958d7a34889e3327b4c2c4d9d32d202dde50827c59c94adf1649229"},"C:\\fazztrack\\tugas fazztrack\\week_18\\API\\src\\controllers\\Product.js":{"path":"C:\\fazztrack\\tugas fazztrack\\week_18\\API\\src\\controllers\\Product.js","statementMap":{"0":{"start":{"line":1,"column":10},"end":{"line":1,"column":27}},"1":{"start":{"line":2,"column":21},"end":{"line":2,"column":49}},"2":{"start":{"line":3,"column":28},"end":{"line":3,"column":56}},"3":{"start":{"line":4,"column":20},"end":{"line":4,"column":47}},"4":{"start":{"line":6,"column":16},"end":{"line":128,"column":1}},"5":{"start":{"line":8,"column":4},"end":{"line":56,"column":5}},"6":{"start":{"line":9,"column":24},"end":{"line":9,"column":27}},"7":{"start":{"line":10,"column":21},"end":{"line":10,"column":67}},"8":{"start":{"line":11,"column":20},"end":{"line":11,"column":74}},"9":{"start":{"line":12,"column":23},"end":{"line":12,"column":65}},"10":{"start":{"line":14,"column":20},"end":{"line":14,"column":74}},"11":{"start":{"line":15,"column":19},"end":{"line":15,"column":60}},"12":{"start":{"line":17,"column":21},"end":{"line":17,"column":56}},"13":{"start":{"line":18,"column":6},"end":{"line":53,"column":9}},"14":{"start":{"line":19,"column":8},"end":{"line":52,"column":9}},"15":{"start":{"line":20,"column":10},"end":{"line":20,"column":32}},"16":{"start":{"line":21,"column":15},"end":{"line":52,"column":9}},"17":{"start":{"line":22,"column":10},"end":{"line":39,"column":13}},"18":{"start":{"line":23,"column":28},"end":{"line":23,"column":55}},"19":{"start":{"line":24,"column":27},"end":{"line":30,"column":13}},"20":{"start":{"line":31,"column":12},"end":{"line":35,"column":15}},"21":{"start":{"line":32,"column":14},"end":{"line":34,"column":15}},"22":{"start":{"line":33,"column":16},"end":{"line":33,"column":40}},"23":{"start":{"line":36,"column":12},"end":{"line":36,"column":43}},"24":{"start":{"line":38,"column":12},"end":{"line":38,"column":36}},"25":{"start":{"line":41,"column":27},"end":{"line":41,"column":45}},"26":{"start":{"line":42,"column":31},"end":{"line":42,"column":89}},"27":{"start":{"line":42,"column":57},"end":{"line":42,"column":88}},"28":{"start":{"line":43,"column":27},"end":{"line":43,"column":72}},"29":{"start":{"line":44,"column":25},"end":{"line":50,"column":11}},"30":{"start":{"line":51,"column":10},"end":{"line":51,"column":41}},"31":{"start":{"line":55,"column":6},"end":{"line":55,"column":30}},"32":{"start":{"line":59,"column":4},"end":{"line":68,"column":5}},"33":{"start":{"line":60,"column":21},"end":{"line":60,"column":31}},"34":{"start":{"line":61,"column":6},"end":{"line":65,"column":9}},"35":{"start":{"line":62,"column":8},"end":{"line":62,"column":39}},"36":{"start":{"line":64,"column":8},"end":{"line":64,"column":30}},"37":{"start":{"line":67,"column":6},"end":{"line":67,"column":30}},"38":{"start":{"line":71,"column":4},"end":{"line":86,"column":5}},"39":{"start":{"line":72,"column":23},"end":{"line":72,"column":26}},"40":{"start":{"line":73,"column":27},"end":{"line":73,"column":35}},"41":{"start":{"line":74,"column":6},"end":{"line":83,"column":9}},"42":{"start":{"line":75,"column":8},"end":{"line":79,"column":11}},"43":{"start":{"line":76,"column":10},"end":{"line":78,"column":11}},"44":{"start":{"line":77,"column":12},"end":{"line":77,"column":34}},"45":{"start":{"line":80,"column":8},"end":{"line":80,"column":39}},"46":{"start":{"line":82,"column":8},"end":{"line":82,"column":30}},"47":{"start":{"line":85,"column":6},"end":{"line":85,"column":30}},"48":{"start":{"line":89,"column":4},"end":{"line":107,"column":5}},"49":{"start":{"line":90,"column":21},"end":{"line":90,"column":31}},"50":{"start":{"line":91,"column":23},"end":{"line":91,"column":26}},"51":{"start":{"line":92,"column":27},"end":{"line":92,"column":35}},"52":{"start":{"line":93,"column":6},"end":{"line":104,"column":9}},"53":{"start":{"line":94,"column":8},"end":{"line":103,"column":11}},"54":{"start":{"line":95,"column":10},"end":{"line":99,"column":13}},"55":{"start":{"line":96,"column":12},"end":{"line":98,"column":13}},"56":{"start":{"line":97,"column":14},"end":{"line":97,"column":36}},"57":{"start":{"line":100,"column":10},"end":{"line":100,"column":41}},"58":{"start":{"line":102,"column":10},"end":{"line":102,"column":32}},"59":{"start":{"line":106,"column":6},"end":{"line":106,"column":30}},"60":{"start":{"line":110,"column":4},"end":{"line":126,"column":5}},"61":{"start":{"line":111,"column":21},"end":{"line":111,
[...]
e":"if","locations":[{"start":{"line":85,"column":10},"end":{"line":88,"column":11}},{"start":{"line":85,"column":10},"end":{"line":88,"column":11}}],"line":85}},"s":{"0":1,"1":1,"2":1,"3":1,"4":1,"5":1,"6":1,"7":0,"8":1,"9":1,"10":1,"11":1,"12":0,"13":1,"14":3,"15":3,"16":3,"17":0,"18":3,"19":1,"20":1,"21":1,"22":0,"23":1,"24":1,"25":1,"26":1,"27":1,"28":1,"29":0,"30":1,"31":1,"32":1,"33":0,"34":0,"35":1,"36":1,"37":1,"38":1,"39":1,"40":1,"41":0,"42":1,"43":1,"44":1,"45":0,"46":0,"47":1,"48":1},"f":{"0":1,"1":1,"2":1,"3":1,"4":1,"5":1,"6":3,"7":3,"8":3,"9":1,"10":1,"11":1,"12":1,"13":1,"14":1,"15":1,"16":1,"17":1,"18":1,"19":1,"20":1,"21":1},"b":{"0":[0,1],"1":[0,1],"2":[0,3],"3":[0,1],"4":[0,1],"5":[0,1],"6":[0,1],"7":[0,1]},"_coverageSchema":"1a1c01bbd47fc00a2c39e90264f33305004495a9","hash":"26761ea628d630d1939a3a5cfed77b1ec5c8a5ae","contentHash":"fa7eb9b2a12c9772a283b58446e68a860d8d2af3cb607c91027dc5bdaf6185fb"},"C:\\fazztrack\\tugas fazztrack\\week_18\\API\\src\\routers\\Transaction.js":{"path":"C:\\fazztrack\\tugas fazztrack\\week_18\\API\\src\\routers\\Transaction.js","statementMap":{"0":{"start":{"line":1,"column":16},"end":{"line":1,"column":34}},"1":{"start":{"line":2,"column":31},"end":{"line":2,"column":68}},"2":{"start":{"line":3,"column":15},"end":{"line":3,"column":54}},"3":{"start":{"line":4,"column":15},"end":{"line":4,"column":53}},"4":{"start":{"line":6,"column":27},"end":{"line":6,"column":43}},"5":{"start":{"line":7,"column":0},"end":{"line":11,"column":63}},"6":{"start":{"line":12,"column":0},"end":{"line":12,"column":36}}},"fnMap":{},"branchMap":{},"s":{"0":1,"1":1,"2":1,"3":1,"4":1,"5":1,"6":1},"f":{},"b":{},"_coverageSchema":"1a1c01bbd47fc00a2c39e90264f33305004495a9","hash":"5b9d4ebcee110785063d765ac19f50b3c42675fd","contentHash":"a470eb1cbeb16b10a28a1e013b0a779ca1d6ded79bc4520579442b65de3c9acf"},"C:\\fazztrack\\tugas fazztrack\\week_18\\API\\src\\controllers\\Transaction.js":{"path":"C:\\fazztrack\\tugas fazztrack\\week_18\\API\\src\\controllers\\Transaction.js","statementMap":{"0":{"start":{"line":1,"column":10},"end":{"line":1,"column":27}},"1":{"start":{"line":2,"column":25},"end":{"line":2,"column":57}},"2":{"start":{"line":3,"column":28},"end":{"line":3,"column":56}},"3":{"start":{"line":4,"column":20},"end":{"line":4,"column":47}},"4":{"start":{"line":6,"column":20},"end":{"line":99,"column":1}},"5":{"start":{"line":8,"column":4},"end":{"line":56,"column":5}},"6":{"start":{"line":9,"column":24},"end":{"line":9,"column":27}},"7":{"start":{"line":10,"column":21},"end":{"line":10,"column":67}},"8":{"start":{"line":11,"column":20},"end":{"line":11,"column":66}},"9":{"start":{"line":12,"column":23},"end":{"line":12,"column":65}},"10":{"start":{"line":14,"column":20},"end":{"line":14,"column":74}},"11":{"start":{"line":15,"column":19},"end":{"line":15,"column":60}},"12":{"start":{"line":17,"column":21},"end":{"line":17,"column":56}},"13":{"start":{"line":18,"column":6},"end":{"line":53,"column":9}},"14":{"start":{"line":19,"column":8},"end":{"line":52,"column":9}},"15":{"start":{"line":20,"column":10},"end":{"line":20,"column":32}},"16":{"start":{"line":21,"column":15},"end":{"line":52,"column":9}},"17":{"start":{"line":22,"column":10},"end":{"line":39,"column":13}},"18":{"start":{"line":23,"column":28},"end":{"line":23,"column":59}},"19":{"start":{"line":24,"column":27},"end":{"line":30,"column":13}},"20":{"start":{"line":31,"column":12},"end":{"line":35,"column":15}},"21":{"start":{"line":32,"column":14},"end":{"line":34,"column":15}},"22":{"start":{"line":33,"column":16},"end":{"line":33,"column":40}},"23":{"start":{"line":36,"column":12},"end":{"line":36,"column":43}},"24":{"start":{"line":38,"column":12},"end":{"line":38,"column":36}},"25":{"start":{"line":41,"column":27},"end":{"line":41,"column":45}},"26":{"start":{"line":42,"column":31},"end":{"line":42,"column":89}},"27":{"start":{"line":42,"column":57},"end":{"line":42,"column":88}},"28":{"start":{"line":43,"column":27},"end":{"line":43,"column":72}},"29":{"start":{"line":44,"column":25},"end":{"line":50,"column":11}},"30":{"start":{"line":51,"column":10},"end":{"line":51,"column":41}},"31":{"start":{"line":55,"column":6},"end":{"line":55,"column":30}},"32":{"start":{"line":59,"column":4},"end":{"line":68,"column":5}},"33":{"start":{"line":60,"column":21},"end":{"line":60,"column":31}},"34":{"start":{"line":61,"column":6},"end":{"line":65,"column":9}},"35":{"start":{"line":62,"column":8},"end":{"line":62,"column":39}},"36":{"start":{"line":64,"column":8},"end":{"line":64,"column":30}},"37":{"start":{"line":67,"column":6},"end":{"line":67,"column":30}},"38":{"start":{"line":71,"column":4},"end":{"line":80,"column":5}},"39":{"start":{"line":72,"column":17},"end":{"line":72,"column":27}},"40":{"start":{"line":73,"column":6},"end":{"line":77,"column":9}},"41":{"start":{"line":74,"column":8},"end":{"line":74,"column":39}},"42":{"start":{"line":76,"column":8},"end":{"line":76,"column":30}},"43":{"start":{"line":79,"column":6},"end":{"line":79,"column":30}},"44":{"start":{"line":83,"column":4},"end":{"line":97,"column":5}},"45":{"start":{"line":84,"column":23},"end":{"line":84,"column":26}},"46":{"start":{"line":85,"column":6},"end":{"line":94,"column":9}},"47":{"start":{"line":86,"column":8},"end":{"line":90,"column":11}},"48":{"start":{"line":87,"column":10},"end":{"line":89,"column":11}},"49":{"start":{"line":88,"column":12},"end":{"line":88,"column":34}},"50":{"start":{"line":91,"column":8},"end":{"line":91,"column":39}},"51":{"start":{"line":93,"column":8},"end":{"line":93,"column":30}},"52":{"start":{"line":96,"column":6},"end":{"line":96,"column":30}},"53":{"start":{"line":101,"column":0},"end":{"line":101,"column":29}}},"fnMap":{"0":{"name":"(anonymous_0)","decl":{"start":{"line":7,"column":11},"end":{"line":7,"column":12}},"loc":{"start":{"line":7,"column":25},"end":{"line":57,"column":3}},"line":7},"1":{"name":"(anonymous_1)","decl":{"start":{"line":18,"column":37},"end":{"line":18,"column":38}},"loc":{"start":{"line":18,"column":54},"end":{"line":53,"column":7}},"line":18},"2":{"name":"(anonymous_2)","decl":{"start":{"line":22,"column":80},"end":{"line":22,"column":81}},"loc":{"start":{"line":22,"column":99},"end":{"line":37,"column":11}},"line":22},"3":{"name":"(anonymous_3)","decl":{"start":{"line":31,"column":68},"end":{"line":31,"column":69}},"loc":{"start":{"line":31,"column":79},"end":{"line":35,"column":13}},"line":31},"4":{"name":"(anonymous_4)","decl":{"start":{"line":37,"column":19},"end":{"line":37,"column":20}},"loc":{"start":{"line":37,"column":30},"end":{"line":39,"column":11}},"line":37},"5":{"name":"(anonymous_5)","decl":{"start":{"line":42,"column":50},"end":{"line":42,"column":51}},"loc":{"start":{"line":42,"column":57},"end":{"line":42,"column":88}},"line":42},"6":{"name":"(anonymous_6)","decl":{"start":{"line":58,"column":14},"end":{"line":58,"column":15}},"loc":{"start":{"line":58,"column":28},"end":{"line":69,"column":3}},"line":58},"7":{"name":"(anonymous_7)","decl":{"start":{"line":61,"column":43},"end":{"line":61,"column":44}},"loc":{"start":{"line":61,"column":55},"end":{"line":63,"column":7}},"line":61},"8":{"name":"(anonymous_8)","decl":{"start":{"line":63,"column":15},"end":{"line":63,"column":16}},"loc":{"start":{"line":63,"column":24},"end":{"line":65,"column":7}},"line":63},"9":{"name":"(anonymous_9)","decl":{"start":{"line":70,"column":18},"end":{"line":70,"column":19}},"loc":{"start":{"line":70,"column":32},"end":{"line":81,"column":3}},"line":70},"10":{"name":"(anonymous_10)","decl":{"start":{"line":73,"column":47},"end":{"line":73,"column":48}},"loc":{"start":{"line":73,"column":59},"end":{"line":75,"column":7}},"line":73},"11":{"name":"(anonymous_11)","decl":{"start":{"line":75,"column":15},"end":{"line":75,"column":16}},"loc":{"start":{"line":75,"column":24},"end":{"line":77,"column":7}},"line":75},"12":{"name":"(anonymous_12)","decl":{"start":{"line":82,"column":10},"end":{"line":82,"column":11}},"loc":{"start":{"line":82,"column":24},"end":{"line":98,"column":3}},"line":82},"13":{"name":"(anonymous_13)","decl":{"start":{"line":85,"column":41},"end":{"line":85,"column":42}},"loc":{"start":{"line":85,"column":53},"end":{"line":92,"column":7}},"line":85},"14":{"name":"(anonymous_14)","decl":{"start":{"line":86,"column":39},"end":{"line":86,"column":40}},"loc":{"start":{"line":86,"column":48},"end":{"line":90,"column":9}},"line":86},"15":{"name":"(anonymous_15)","decl":{"start":{"line":92,"column":15},"end":{"line":92,"column":16}},"loc":{"start":{"line":92,"column":24},"end":{"line":94,"column":7}},"line":92}},"branchMap":{"0":{"loc":{"start":{"line":10,"column":21},"end":{"line":10,"column":67}},"type":"cond-expr","locations":[{"start":{"line":10,"column":50},"end":{"line":10,"column":52}},{"start":{"line":10,"column":55},"end":{"line":10,"column":67}}],"line":10},"1":{"loc":{"start":{"line":11,"column":20},"end":{"line":11,"column":66}},"type":"cond-expr","locations":[{"start":{"line":11,"column":48},"end":{"line":11,"column":52}},{"start":{"line":11,"column":55},"end":{"line":11,"column":66}}],"line":11},"2":{"loc":{"start":{"line":12,"column":23},"end":{"line":12,"column":65}},"type":"cond-expr","locations":[{"start":{"line":12,"column":50},"end":{"line":12,"column":52}},{"start":{"line":12,"column":55},"end":{"line":12,"column":65}}],"line":12},"3":{"loc":{"start":{"line":14,"column":20},"end":{"line":14,"column":74}},"type":"cond-expr","locations":[{"start":{"line":14,"column":48},"end":{"line":14,"column":50}},{"start":{"line":14,"column":53},"end":{"line":14,"column":74}}],"line":14},"4":{"loc":{"start":{"line":15,"column":19},"end":{"line":15,"column":60}},"type":"cond-expr","locations":[{"start":{"line":15,"column":46},"end":{"line":15,"column":47}},{"start":{"line":15,"column":50},"end":{"line":15,"column":60}}],"line":15},"5":{"loc":{"start":{"line":17,"column":21},"end":{"line":17,"column":56}},"type":"cond-expr","locations":[{"start":{"line":17,"column":34},"end":{"line":17,"column":35}},{"start":{"line":17,"column":38},"end":{"line":17,"column":56}}],"line":17},"6":{"loc":{"start":{"line":19,"column":8},"end":{"line":52,"column":9}},"type":"if","locations":[{"start":{"line":19,"column":8},"end":{"line":52,"column":9}},{"start":{"line":19,"column":8},"end":{"line":52,"column":9}}],"line":19},"7":{"loc":{"start":{"line":21,"column":15},"end":{"line":52,"column":9}},"type":"if","locations":[{"start":{"line":21,"column":15},"end":{"line":52,"column":9}},{"start":{"line":21,"column":15},"end":{"line":52,"column":9}}],"line":21},"8":{"loc":{"start":{"line":32,"column":14},"end":{"line":34,"column":15}},"type":"if","locations":[{"start":{"line":32,"column":14},"end":{"line":34,"column":15}},{"start":{"line":32,"column":14},"end":{"line":34,"column":15}}],"line":32},"9":{"loc":{"start":{"line":87,"column":10},"end":{"line":89,"column":11}},"type":"if","locations":[{"start":{"line":87,"column":10},"end":{"line":89,"column":11}},{"start":{"line":87,"column":10},"end":{"line":89,"column":11}}],"line":87}},"s":{"0":1,"1":1,"2":1,"3":1,"4":1,"5":1,"6":1,"7":1,"8":1,"9":1,"10":1,"11":1,"12":1,"13":1,"14":1,"15":0,"16":1,"17":1,"18":1,"19":1,"20":1,"21":0,"22":0,"23":1,"24":0,"25":0,"26":0,"27":0,"28":0,"29":0,"30":0,"31":0,"32":1,"33":1,"34":1,"35":1,"36":0,"37":0,"38":1,"39":1,"40":1,"41":1,"42":0,"43":0,"44":1,"45":1,"46":1,"47":1,"48":0,"49":0,"50":1,"51":0,"52":0,"53":1},"f":{"0":1,"1":1,"2":1,"3":0,"4":0,"5":0,"6":1,"7":1,"8":0,"9":1,"10":1,"11":0,"12":1,"13":1,"14":0,"15":0},"b":{"0":[1,0],"1":[1,0],"2":[1,0],"3":[1,0],"4":[1,0],"5":[1,0],"6":[0,1],"7":[1,0],"8":[0,0],"9":[0,0]},"_coverageSchema":"1a1c01bbd47fc00a2c39e90264f33305004495a9","hash":"234fa18f7508bc49c582c2df3004be8fa8d58275","contentHash":"a644019430af051ccbba8d66ca20bf46bc3f160ef50d72ec1cb1cd36629bc199"},"C:\\fazztrack\\tugas fazztrack\\week_18\\API\\src\\models\\Transaction.js":{"path":"C:\\fazztrack\\tugas fazztrack\\week_18\\API\\src\\models\\Transaction.js","statementMap":{"0":{"start":{"line":1,"column":11},"end":{"line":1,"column":34}},"1":{"start":{"line":3,"column":25},"end":{"line":88,"column":1}},"2":{"start":{"line":4,"column":16},"end":{"line":20,"column":4}},"3":{"start":{"line":5,"column":4},"end":{"line":19,"column":6}},"4":{"start":{"line":13,"column":8},"end":{"line":17,"column":9}},"5":{"start":{"line":14,"column":10},"end":{"line":14,"column":22}},"6":{"start":{"line":16,"column":10},"end":{"line":16,"column":26}},"7":{"start":{"line":21,"column":55},"end":{"line":39,"column":4}},"8":{"start":{"line":22,"column":4},"end":{"line":38,"column":6}},"9":{"start":{"line":32,"column":8},"end":{"line":36,"column":9}},"10":{"start":{"line":33,"column":10},"end":{"line":33,"column":22}},"11":{"start":{"line":35,"column":10},"end":{"line":35,"column":26}},"12":{"start":{"line":40,"column":22},"end":{"line":48,"column":4}},"13":{"start":{"line":41,"column":4},"end":{"line":47,"column":7}},"14":{"start":{"line":42,"column":6},"end":{"line":46,"column":7}},"15":{"start":{"line":43,"column":8},"end":{"line":43,"column":20}},"16":{"start":{"line":45,"column":8},"end":{"line":45,"column":24}},"17":{"start":{"line":49,"column":26},"end":{"line":57,"column":4}},"18":{"start":{"line":50,"column":4},"end":{"line":56,"column":7}},"19":{"start":{"line":51,"column":6},"end":{"line":55,"column":7}},"20":{"start":{"line":52,"column":8},"end":{"line":52,"column":20}},"21":{"start":{"line":54,"column":8},"end":{"line":54,"column":24}},"22":{"start":{"line":58,"column":20},"end":{"line":87,"column":4}},"23":{"start":{"line":59,"column":4},"end":{"line":86,"column":7}},"24":{"start":{"line":62,"column":6},"end":{"line":85,"column":7}},"25":{"start":{"line":63,"column":8},"end":{"line":63,"column":20}},"26":{"start":{"line":65,"column":21},"end":{"line":65,"column":27}},"27":{"start":{"line":66,"column":28},"end":{"line":66,"column":32}},"28":{"start":{"line":68,"column":30},"end":{"line":79,"column":10}},"29":{"start":{"line":69,"column":10},"end":{"line":78,"column":13}},"30":{"start":{"line":72,"column":12},"end":{"line":77,"column":13}},"31":{"start":{"line":73,"column":14},"end":{"line":73,"column":28}},"32":{"start":{"line":76,"column":14},"end":{"line":76,"column":21}},"33":{"start":{"line":80,"column":8},"end":{"line":84,"column":11}},"34":{"start":{"line":81,"column":10},"end":{"line":81,"column":26}},"35":{"start":{"line":83,"column":10},"end":{"line":83,"column":23}},"36":{"start":{"line":90,"column":0},"end":{"line":90,"column":34}}},"fnMap":{"0":{"name":"(anonymous_0)","decl":{"start":{"line":4,"column":10},"end":{"line":4,"column":11}},"loc":{"start":{"line":4,"column":16},"end":{"line":20,"column":4}},"line":4},"1":{"name":"(anonymous_1)","decl":{"start":{"line":4,"column":28},"end":{"line":4,"column":29}},"loc":{"start":{"line":4,"column":49},"end":{"line":20,"column":3}},"line":4},"2":{"name":"(anonymous_2)","decl":{"start":{"line":12,"column":55},"end":{"line":12,"column":56}},"loc":{"start":{"line":12,"column":72},"end":{"line":18,"column":7}},"line":12},"3":{"name":"(anonymous_3)","decl":{"start":{"line":21,"column":11},"end":{"line":21,"column":12}},"loc":{"start":{"line":21,"column":55},"end":{"line":39,"column":4}},"line":21},"4":{"name":"(anonymous_4)","decl":{"start":{"line":21,"column":67},"end":{"line":21,"column":68}},"loc":{"start":{"line":21,"column":88},"end":{"line":39,"column":3}},"line":21},"5":{"name":"(anonymous_5)","decl":{"start":{"line":31,"column":46},"end":{"line":31,"column":47}},"loc":{"start":{"line":31,"column":63},"end":{"line":37,"column":7}},"line":31},"6":{"name":"(anonymous_6)","decl":{"start":{"line":40,"column":14},"end":{"line":40,"column":15}},"loc":{"start":{"line":40,"column":22},"end":{"line":48,"column":4}},"line":40},"7":{"name":"(anonymous_7)","decl":{"start":{"line":40,"column":34},"end":{"line":40,"column":35}},"loc":{"start":{"line":40,"column":55},"end":{"line":48,"column":3}},"line":40},"8":{"name":"(anonymous_8)","decl":{"start":{"line":41,"column":85},"end":{"line":41,"column":86}},"loc":{"start":{"line":41,"column":102},"end":{"line":47,"column":5}},"line":41},"9":{"name":"(anonymous_9)","decl":{"start":{"line":49,"column":18},"end":{"line":49,"column":19}},"loc":{"start":{"line":49,"column":26},"end":{"line":57,"column":4}},"line":49},"10":{"name":"(anonymous_10)","decl":{"start":{"line":49,"column":38},"end":{"line":49,"column":39}},"loc":{"start":{"line":49,"column":59},"end":{"line":57,"column":3}},"line":49},"11":{"name":"(anonymous_11)","decl":{"start":{"line":50,"column":64},"end":{"line":50,"column":65}},"loc":{"start":{"line":50,"column":81},"end":{"line":56,"column":5}},"line":50},"12":{"name":"(anonymous_12)","decl":{"start":{"line":58,"column":10},"end":{"line":58,"column":11}},"loc":{"start":{"line":58,"column":20},"end":{"line":87,"column":4}},"line":58},"13":{"name":"(anonymous_13)","decl":{"start":{"line":58,"column":32},"end":{"line":58,"column":33}},"loc":{"start":{"line":58,"column":53},"end":{"line":87,"column":3}},"line":58},"14":{"name":"(anonymous_14)","decl":{"start":{"line":61,"column":41},"end":{"line":61,"column":42}},"loc":{"start":{"line":61,"column":58},"end":{"line":86,"column":5}},"line":61},"15":{"name":"(anonymous_15)","decl":{"start":{"line":68,"column":42},"end":{"line":68,"column":43}},"loc":{"start":{"line":68,"column":49},"end":{"line":79,"column":9}},"line":68},"16":{"name":"(anonymous_16)","decl":{"start":{"line":71,"column":39},"end":{"line":71,"column":40}},"loc":{"start":{"line":71,"column":50},"end":{"line":78,"column":11}},"line":71},"17":{"name":"(anonymous_17)","decl":{"start":{"line":80,"column":40},"end":{"line":80,"column":41}},"loc":{"start":{"line":80,"column":46},"end":{"line":82,"column":9}},"line":80},"18":{"name":"(anonymous_18)","decl":{"start":{"line":82,"column":17},"end":{"line":82,"column":18}},"loc":{"start":{"line":82,"column":27},"end":{"line":84,"column":9}},"line":82}},"branchMap":{"0":{"loc":{"start":{"line":13,"column":8},"end":{"line":17,"column":9}},"type":"if","locations":[{"start":{"line":13,"column":8},"end":{"line":17,"column":9}},{"start":{"line":13,"column":8},"end":{"line":17,"column":9}}],"line":13},"1":{"loc":{"start":{"line":32,"column":8},"end":{"line":36,"column":9}},"type":"if","locations":[{"start":{"line":32,"column":8},"end":{"line":36,"column":9}},{"start":{"line":32,"column":8},"end":{"line":36,"column":9}}],"line":32},"2":{"loc":{"start":{"line":42,"column":6},"end":{"line":46,"column":7}},"type":"if","locations":[{"start":{"line":42,"column":6},"end":{"line":46,"column":7}},{"start":{"line":42,"column":6},"end":{"line":46,"column":7}}],"line":42},"3":{"loc":{"start":{"line":51,"column":6},"end":{"line":55,"column":7}},"type":"if","locations":[{"start":{"line":51,"column":6},"end":{"line":55,"column":7}},{"start":{"line":51,"column":6},"end":{"line":55,"column":7}}],"line":51},"4":{"loc":{"start":{"line":62,"column":6},"end":{"line":85,"column":7}},"type":"if","locations":[{"start":{"line":62,"column":6},"end":{"line":85,"column":7}},{"start":{"line":62,"column":6},"end":{"line":85,"column":7}}],"line":62},"5":{"loc":{"start":{"line":72,"column":12},"end":{"line":77,"column":13}},"type":"if","locations":[{"start":{"line":72,"column":12},"end":{"line":77,"column":13}},{"start":{"line":72,"column":12},"end":{"line":77,"column":13}}],"line":72}},"s":{"0":1,"1":1,"2":1,"3":1,"4":1,"5":0,"6":1,"7":1,"8":1,"9":1,"10":0,"11":1,"12":1,"13":1,"14":1,"15":0,"16":1,"17":1,"18":1,"19":1,"20":0,"21":1,"22":1,"23":1,"24":1,"25":0,"26":1,"27":1,"28":1,"29":2,"30":2,"31":0,"32":2,"33":1,"34":1,"35":0,"36":1},"f":{"0":1,"1":1,"2":1,"3":1,"4":1,"5":1,"6":1,"7":1,"8":1,"9":1,"10":1,"11":1,"12":1,"13":1,"14":1,"15":2,"16":2,"17":1,"18":0},"b":{"0":[0,1],"1":[0,1],"2":[0,1],"3":[0,1],"4":[0,1],"5":[0,2]},"_coverageSchema":"1a1c01bbd47fc00a2c39e90264f33305004495a9","hash":"1fda74338de5619e2118f9e37e49849a7565162b","contentHash":"71a02287302d0b73e90523d8193de68a742974359c5999bd77512e5c74467209"}}